#HeroicDeath Data Log - This file stores serialized data on player deaths in the following order:
#Victim|Killer|Murder Weapon|Cause of Death|Location|Timestamp|Death Message
#Murder weapon is in the format TypeIDxData, so Red Wool would be 35x14
#Location is in the format (x, y, z), and represents where the victim died.
Hobby203|||FALL|world (-390.0,77.0,328.0)|10/21/2011 17:00:42 BST|Hobby203 fell to their death
bmpullano|||LAVA|world (-480.0,59.0,170.0)|10/21/2011 20:19:08 BST|bmpullano was killed by lava
th3ant|||FIRE|world (-191.0,69.0,-564.0)|10/21/2011 23:10:20 BST|th3ant burned to death
RadonGaming|||FALL|world (22.0,62.0,-66.0)|10/21/2011 23:38:34 BST|RadonGaming took a leap of faith
RadonGaming|||FALL|world (-6.0,63.0,-368.0)|10/21/2011 23:39:05 BST|RadonGaming fell to their death
RadonGaming|Hobby203|276x0|ENTITY_ATTACK|world (89.0,72.0,-420.0)|10/21/2011 23:49:02 BST|Hobby203 killed RadonGaming wielding diamond sword
RadonGaming|Hobby203|276x2|ENTITY_ATTACK|world (87.0,77.0,-388.0)|10/21/2011 23:50:45 BST|Hobby203 killed RadonGaming wielding diamond sword
Abrahamarmite|||SUICIDE|world (-79.0,55.0,-396.0)|10/22/2011 12:26:35 BST|Abrahamarmite committed suicide.
nicfaces|||VOID|world (1000.0,-161.0,-123.0)|10/23/2011 19:28:25 BST|nicfaces fell into the Gap
Hobby203|||FALL|world (197.0,70.0,54.0)|10/24/2011 17:21:28 BST|Hobby203 fell to their death
Abrahamarmite|||VOID|world (935.0,-158.0,-42.0)|10/24/2011 20:47:23 BST|Abrahamarmite fell into the Gap
Abrahamarmite|Hobby203|76x0|ENTITY_ATTACK|world (166.0,49.0,166.0)|10/25/2011 16:54:06 BST|Hobby203 killed Abrahamarmite wielding redstone torch
Abrahamarmite|||LAVA|world (158.0,46.0,159.0)|10/25/2011 16:54:44 BST|Abrahamarmite was killed by lava
Abrahamarmite|||FIRE|world (165.0,48.0,163.0)|10/25/2011 16:55:03 BST|Abrahamarmite burned to death
Abrahamarmite|||FALL|world (1026.0,45.0,-143.0)|10/25/2011 16:55:34 BST|Abrahamarmite took a leap of faith
Abrahamarmite|||DROWNING|world (-15.0,56.0,-376.0)|10/25/2011 16:56:24 BST|Abrahamarmite took a long walk off a short pier
Abrahamarmite|||SUFFOCATION|world (38.0,47.0,-131.0)|10/25/2011 16:57:27 BST|Abrahamarmite suffocated
Abrahamarmite|Creeper||ENTITY_EXPLOSION|world (555.0,66.0,-232.0)|10/25/2011 17:15:28 BST|Abrahamarmite hugged a creeper
Abrahamarmite|||FALL|world (169.0,45.0,161.0)|10/25/2011 17:19:15 BST|Abrahamarmite took a leap of faith
Abrahamarmite|||FIRE_TICK|world (159.0,46.0,156.0)|10/25/2011 17:20:29 BST|Abrahamarmite burned to death
Abrahamarmite|||SUFFOCATION|world_nether (40.0,61.0,21.0)|10/25/2011 17:22:57 BST|Abrahamarmite suffocated
Abrahamarmite|Enderman||ENTITY_ATTACK|world (856.0,71.0,-358.0)|10/25/2011 17:27:05 BST|Abrahamarmite was killed by an angry Enderman
Abrahamarmite|||SUFFOCATION|world_nether (41.0,54.0,22.0)|10/25/2011 17:28:04 BST|Abrahamarmite suffocated
Abrahamarmite|||FIRE|world_nether (40.0,64.0,19.0)|10/25/2011 17:30:17 BST|Abrahamarmite forgot how to stop, drop and roll
Abrahamarmite|||FIRE|world_nether (40.0,65.0,21.0)|10/25/2011 17:30:31 BST|Abrahamarmite burned to death
Hobby203|||FALL|rescue (233.0,38.0,334.0)|10/26/2011 13:26:54 BST|Hobby203 fell to their death
th3ant|||ENTITY_EXPLOSION|rescue (137.0,105.0,139.0)|10/26/2011 22:43:18 BST|th3ant exploded
Hobby203|||ENTITY_EXPLOSION|rescue (133.0,108.0,115.0)|10/26/2011 22:44:31 BST|Hobby203 exploded
th3ant|||FALL|rescue (126.0,73.0,64.0)|10/26/2011 22:50:43 BST|th3ant took a leap of faith
th3ant|Zombie||ENTITY_ATTACK|world_hoth (98.0,46.0,94.0)|10/27/2011 17:52:36 BST|th3ant was killed by an angry Zombie
Hobby203|||FALL|world_hoth (136.0,67.0,453.0)|10/27/2011 19:09:43 BST|Hobby203 took a leap of faith
Abrahamarmite|||FALL|world_hoth (352.0,71.0,326.0)|10/27/2011 20:57:48 BST|Abrahamarmite fell to their death
th3ant|Zombie||ENTITY_ATTACK|world_hoth (-287.0,22.0,-178.0)|10/27/2011 21:42:01 BST|th3ant was killed by an angry Zombie
th3ant|Zombie||ENTITY_ATTACK|world_hoth (-364.0,13.0,-181.0)|10/27/2011 21:48:56 BST|th3ant was killed by an angry Zombie
Hobby203|Zombie||ENTITY_ATTACK|world_hoth (134.0,72.0,191.0)|10/28/2011 13:10:31 BST|Hobby203 was killed by an angry Zombie
Omnomnoms|||SUICIDE|world_hoth (158.0,29.0,141.0)|10/29/2011 17:14:58 BST|Omnomnoms committed suicide.
th3ant|||FALL|world_hoth (330.0,63.0,259.0)|10/30/2011 19:29:22 GMT|th3ant took a leap of faith
th3ant|||VOID|world_hoth (327.0,-183.0,283.0)|10/30/2011 19:43:39 GMT|th3ant fell into the Gap
hampster900|||SUICIDE|world_hoth (-66.0,63.0,81.0)|10/31/2011 18:40:03 GMT|hampster900 committed suicide.
Abrahamarmite|||LAVA|world_hoth (1207.0,61.0,-1923.0)|11/01/2011 17:24:13 GMT|Abrahamarmite was killed by lava
Abrahamarmite|||DROWNING|world_hoth (165.0,55.0,165.0)|11/01/2011 17:25:33 GMT|Abrahamarmite drowned
Jamandbread|||FALL|world_hoth (-6.0,97.0,129.0)|11/01/2011 20:08:44 GMT|Jamandbread took a leap of faith
Hobby203|||FALL|world_hoth (122.0,76.0,185.0)|11/02/2011 17:22:01 GMT|Hobby203 fell to their death
hampster900|||FALL|world_hoth (-18.0,64.0,169.0)|11/02/2011 21:04:18 GMT|hampster900 fell to their death
Abrahamarmite|||FIRE_TICK|world_hoth (1099.0,42.0,-1909.0)|11/03/2011 17:39:03 GMT|Abrahamarmite forgot how to stop, drop and roll
Abrahamarmite|||FALL|world_hoth (1092.0,64.0,-1926.0)|11/03/2011 17:39:14 GMT|Abrahamarmite took a leap of faith
Abrahamarmite|||FALL|world_hoth (31.0,69.0,169.0)|11/03/2011 17:50:13 GMT|Abrahamarmite fell to their death
hampster900|||FALL|world_hoth (126.0,75.0,177.0)|11/03/2011 17:51:02 GMT|hampster900 fell to their death
Omnomnoms|||LAVA|world_hoth (30.0,62.0,213.0)|11/04/2011 17:29:16 GMT|Omnomnoms took a bath in a lake of fire
Abrahamarmite|Hobby203|283x2|ENTITY_ATTACK|world_hoth (235.0,63.0,-66.0)|11/04/2011 20:34:34 GMT|Hobby203 killed Abrahamarmite wielding gold sword
Abrahamarmite|||FALL|world_hoth (199.0,83.0,-26.0)|11/04/2011 20:35:13 GMT|Abrahamarmite fell to their death
Abrahamarmite|Hobby203|283x10|ENTITY_ATTACK|world_hoth (177.0,74.0,187.0)|11/04/2011 20:35:44 GMT|Hobby203 killed Abrahamarmite wielding gold sword
Hobby203|||FALL|world_hoth (209.0,70.0,194.0)|11/04/2011 20:36:50 GMT|Hobby203 took a leap of faith
Hobby203|Abrahamarmite|324x0|ENTITY_ATTACK|world_hoth (240.0,62.0,255.0)|11/04/2011 20:37:35 GMT|Abrahamarmite killed Hobby203 wielding wood door
Abrahamarmite|Hobby203|329x0|ENTITY_ATTACK|world_hoth (219.0,77.0,227.0)|11/04/2011 20:39:34 GMT|Hobby203 killed Abrahamarmite wielding saddle
Hobby203|||FALL|world_hoth (224.0,70.0,234.0)|11/04/2011 20:40:22 GMT|Hobby203 took a leap of faith
Hobby203|Abrahamarmite|292x100|ENTITY_ATTACK|world_hoth (229.0,79.0,216.0)|11/04/2011 20:41:47 GMT|Abrahamarmite killed Hobby203 wielding iron hoe
Abrahamarmite|Hobby203|37x0|ENTITY_ATTACK|world_hoth (225.0,78.0,221.0)|11/04/2011 20:42:59 GMT|Hobby203 killed Abrahamarmite wielding yellow flower
mike|Creeper||ENTITY_EXPLOSION|world_hoth (229.0,64.0,187.0)|11/04/2011 22:28:42 GMT|mike hugged a creeper
mike|||DROWNING|world_hoth (-29.0,49.0,154.0)|11/04/2011 21:31:42 GMT|mike drowned
mike|||SUICIDE|world_hoth (-28.0,74.0,162.0)|11/04/2011 21:38:54 GMT|mike committed suicide.
mike|||SUICIDE|world_hoth (-52.0,64.0,149.0)|11/04/2011 21:39:01 GMT|mike committed suicide.
Trueblue62|||LAVA|world_hoth (-45.0,10.0,-9.0)|11/04/2011 21:46:57 GMT|Trueblue62 took a bath in a lake of fire
hampster900|Abrahamarmite|97x0|ENTITY_ATTACK|world_hoth (-561.0,62.0,256.0)|11/04/2011 22:55:41 GMT|Abrahamarmite killed hampster900 wielding hidden silverfish stone block
th3ant|Hobby203|2x0|ENTITY_ATTACK|world_hoth (-32.0,75.0,181.0)|11/05/2011 15:12:21 GMT|Hobby203 killed th3ant wielding grass
Abrahamarmite|Hobby203|276x2|ENTITY_ATTACK|world_hoth (967.0,65.0,-1709.0)|11/05/2011 15:23:54 GMT|Hobby203 killed Abrahamarmite wielding diamond sword
Abrahamarmite|Hobby203|276x3|ENTITY_ATTACK|world_hoth (-41.0,52.0,112.0)|11/05/2011 15:24:30 GMT|Hobby203 killed Abrahamarmite wielding diamond sword
Hobby203|Abrahamarmite|350x0|ENTITY_ATTACK|world_hoth (-71.0,54.0,109.0)|11/05/2011 15:24:56 GMT|Abrahamarmite killed Hobby203 wielding cooked fish
Abrahamarmite|Hobby203|70x0|ENTITY_ATTACK|world_hoth (-66.0,39.0,116.0)|11/05/2011 15:26:07 GMT|Hobby203 killed Abrahamarmite wielding stone plate
Hobby203|Abrahamarmite|276x4|ENTITY_ATTACK|world_hoth (-87.0,40.0,117.0)|11/05/2011 15:26:38 GMT|Abrahamarmite killed Hobby203 wielding diamond sword
Hobby203|Abrahamarmite|316x61|ENTITY_ATTACK|world_hoth (-59.0,38.0,118.0)|11/05/2011 15:27:36 GMT|Abrahamarmite killed Hobby203 wielding gold pants
Abrahamarmite|Hobby203|321x0|ENTITY_ATTACK|world_hoth (-60.0,39.0,117.0)|11/05/2011 15:28:40 GMT|Hobby203 killed Abrahamarmite wielding painting
Hobby203|Abrahamarmite|70x0|ENTITY_ATTACK|world_hoth (-19.0,38.0,119.0)|11/05/2011 15:29:58 GMT|Abrahamarmite killed Hobby203 wielding stone plate
Abrahamarmite|Hobby203|0x-1|ENTITY_ATTACK|world_hoth (-51.0,40.0,117.0)|11/05/2011 15:30:40 GMT|Hobby203 killed Abrahamarmite wielding fists
Hobby203|Abrahamarmite|342x0|ENTITY_ATTACK|world_hoth (-70.0,46.0,116.0)|11/05/2011 15:33:17 GMT|Abrahamarmite killed Hobby203 wielding storage minecart
Abrahamarmite|Hobby203|332x0|ENTITY_ATTACK|world_hoth (-43.0,40.0,117.0)|11/05/2011 15:34:44 GMT|Hobby203 killed Abrahamarmite wielding snowball
Hobby203|Abrahamarmite|336x0|ENTITY_ATTACK|world_hoth (-68.0,39.0,118.0)|11/05/2011 15:35:38 GMT|Abrahamarmite killed Hobby203 wielding brick
Abrahamarmite|||ENTITY_EXPLOSION|world_hoth (-16.0,63.0,96.0)|11/05/2011 15:39:31 GMT|Abrahamarmite apparently has an explosive personality
Abrahamarmite|||VOID|world_hoth (26.0,-143.0,66.0)|11/05/2011 15:41:22 GMT|Abrahamarmite fell into the Gap
Abrahamarmite|||VOID|world_hoth (23.0,-183.0,64.0)|11/05/2011 15:41:49 GMT|Abrahamarmite fell into the Gap
Hobby203|||FIRE_TICK|world_hoth (14.0,51.0,154.0)|11/05/2011 15:42:51 GMT|Hobby203 forgot how to stop, drop and roll
Hobby203|Abrahamarmite|276x6|ENTITY_ATTACK|world_hoth (9.0,63.0,95.0)|11/05/2011 16:06:26 GMT|Abrahamarmite killed Hobby203 wielding diamond sword
Abrahamarmite|Hobby203|324x0|ENTITY_ATTACK|world_hoth (15.0,63.0,92.0)|11/05/2011 16:09:04 GMT|Hobby203 killed Abrahamarmite wielding wood door
Omnomnoms|Abrahamarmite|77x0|ENTITY_ATTACK|world_hoth (-63.0,63.0,78.0)|11/05/2011 16:10:56 GMT|Abrahamarmite killed Omnomnoms wielding stone button
Abrahamarmite|Omnomnoms|264x0|ENTITY_ATTACK|world_hoth (-48.0,65.0,77.0)|11/05/2011 16:11:39 GMT|Omnomnoms killed Abrahamarmite wielding diamond
SirTravjm|Omnomnoms|276x4|ENTITY_ATTACK|world_hoth (-38.0,68.0,81.0)|11/06/2011 13:45:35 GMT|Omnomnoms killed SirTravjm wielding diamond sword
chazalaa98|SirTravjm|272x53|ENTITY_ATTACK|world_hoth (-41.0,67.0,42.0)|11/06/2011 14:05:08 GMT|SirTravjm killed chazalaa98 wielding stone sword
rogues0ldier|Zombie||ENTITY_ATTACK|world_hoth (-112.0,68.0,-61.0)|11/06/2011 14:16:36 GMT|rogues0ldier was killed by an angry Zombie
rogues0ldier|||SUFFOCATION|world_hoth (-60.0,60.0,77.0)|11/06/2011 14:26:45 GMT|rogues0ldier suffocated
SirTravjm|||SUFFOCATION|world_hoth (-59.0,57.0,79.0)|11/06/2011 14:37:44 GMT|SirTravjm suffocated
rogues0ldier|Zombie||ENTITY_ATTACK|world_hoth (-24.0,64.0,91.0)|11/06/2011 14:39:00 GMT|rogues0ldier was killed by an angry Zombie
rogues0ldier|SirTravjm|367x0|ENTITY_ATTACK|world_hoth (-59.0,62.0,66.0)|11/06/2011 14:40:22 GMT|SirTravjm killed rogues0ldier wielding rotten flesh
SirTravjm|rogues0ldier|295x0|ENTITY_ATTACK|world_hoth (-60.0,65.0,78.0)|11/06/2011 14:41:44 GMT|rogues0ldier killed SirTravjm wielding seeds
SirTravjm|Zombie||ENTITY_ATTACK|world_hoth (19.0,75.0,0.0)|11/06/2011 14:54:04 GMT|SirTravjm was killed by an angry Zombie
SirTravjm|Zombie||ENTITY_ATTACK|world_hoth (20.0,67.0,16.0)|11/06/2011 14:58:29 GMT|SirTravjm was killed by an angry Zombie
rogues0ldier|Skeleton||ENTITY_ATTACK|world_hoth (12.0,70.0,38.0)|11/06/2011 14:59:40 GMT|rogues0ldier was killed by an angry Skeleton
SirTravjm|Skeleton||ENTITY_ATTACK|world_hoth (-13.0,77.0,-78.0)|11/06/2011 15:13:35 GMT|SirTravjm was killed by an angry Skeleton
rogues0ldier|Zombie||ENTITY_ATTACK|world_hoth (12.0,70.0,30.0)|11/06/2011 16:15:09 GMT|rogues0ldier was killed by an angry Zombie
Bangalor|hampster900|276x12|ENTITY_ATTACK|world_hoth (-181.0,64.0,137.0)|11/06/2011 16:31:03 GMT|hampster900 killed Bangalor wielding diamond sword
rogues0ldier|Spider||ENTITY_ATTACK|world_hoth (11.0,74.0,25.0)|11/06/2011 17:15:46 GMT|rogues0ldier was killed by an angry Spider
rogues0ldier|Spider||ENTITY_ATTACK|world_hoth (-139.0,69.0,101.0)|11/06/2011 17:40:00 GMT|rogues0ldier was killed by an angry Spider
SirPrestonII|||FALL|world_hoth (-187.0,62.0,133.0)|11/06/2011 18:55:52 GMT|SirPrestonII fell to their death
HoneyMonsterAdz|Creeper||ENTITY_EXPLOSION|world_hoth (-146.0,68.0,97.0)|11/06/2011 19:19:20 GMT|HoneyMonsterAdz was creeper bombed
HoneyMonsterAdz|Skeleton||ENTITY_ATTACK|world_hoth (-236.0,18.0,123.0)|11/06/2011 19:45:07 GMT|HoneyMonsterAdz was killed by an angry Skeleton
HoneyMonsterAdz|Creeper||ENTITY_EXPLOSION|world_hoth (-230.0,20.0,111.0)|11/06/2011 19:54:51 GMT|HoneyMonsterAdz was creeper bombed
HoneyMonsterAdz|th3ant|276x30|ENTITY_ATTACK|world_hoth (-225.0,19.0,99.0)|11/06/2011 20:25:39 GMT|th3ant killed HoneyMonsterAdz wielding diamond sword
twinskimmer|Creeper||ENTITY_EXPLOSION|world_hoth (-452.0,64.0,97.0)|11/06/2011 20:37:26 GMT|twinskimmer was creeper bombed
rogues0ldier|Creeper||ENTITY_EXPLOSION|world_hoth (-35.0,67.0,57.0)|11/06/2011 20:55:27 GMT|rogues0ldier hugged a creeper
hampster900|Hobby203|293x0|ENTITY_ATTACK|world_hoth (-69.0,51.0,83.0)|11/06/2011 21:02:25 GMT|Hobby203 killed hampster900 wielding diamond hoe
camrocks17|Creeper||ENTITY_EXPLOSION|world_hoth (189.0,79.0,17.0)|11/06/2011 22:15:21 GMT|camrocks17 was creeper bombed
camrocks17|Creeper||ENTITY_EXPLOSION|world_hoth (188.0,79.0,18.0)|11/06/2011 22:17:18 GMT|camrocks17 was creeper bombed
lord_zanziba|||FALL|world_hoth (-69.0,28.0,83.0)|11/07/2011 00:51:03 GMT|lord_zanziba fell to their death
Bangalor|||FALL|world_hoth (-174.0,66.0,126.0)|11/07/2011 15:23:22 GMT|Bangalor took a leap of faith
Bangalor|||FALL|world_hoth (-208.0,15.0,171.0)|11/07/2011 15:52:32 GMT|Bangalor took a leap of faith
Bangalor|||FIRE_TICK|world_hoth (-218.0,9.0,195.0)|11/07/2011 16:09:21 GMT|Bangalor burned to death
Bangalor|Spider||ENTITY_ATTACK|world_hoth (-180.0,64.0,138.0)|11/07/2011 17:12:48 GMT|Bangalor was killed by an angry Spider
RadonGaming|Skeleton||ENTITY_ATTACK|world_hoth (34.0,66.0,119.0)|11/07/2011 17:29:27 GMT|RadonGaming was killed by an angry Skeleton
Bangalor|Spider||ENTITY_ATTACK|world_hoth (-114.0,64.0,98.0)|11/07/2011 17:30:34 GMT|Bangalor was killed by an angry Spider
mb8909|Creeper||ENTITY_EXPLOSION|world_hoth (138.0,76.0,165.0)|11/07/2011 18:18:41 GMT|mb8909 was creeper bombed
hampster900|||SUFFOCATION|world_hoth (-154.0,60.0,95.0)|11/07/2011 18:28:38 GMT|hampster900 suffocated
Omnomnoms|||DROWNING|world_hoth (-172.0,59.0,110.0)|11/07/2011 18:31:29 GMT|Omnomnoms took a long walk off a short pier
HoneyMonsterAdz|||LAVA|world_hoth (-201.0,67.0,97.0)|11/07/2011 18:32:49 GMT|HoneyMonsterAdz was killed by lava
Omnomnoms|||FIRE|world_hoth (-200.0,67.0,97.0)|11/07/2011 18:35:23 GMT|Omnomnoms burned to death
Omnomnoms|||FIRE_TICK|world_hoth (-242.0,63.0,78.0)|11/07/2011 18:48:44 GMT|Omnomnoms burned to death
Omnomnoms|||LAVA|world_hoth (-245.0,63.0,85.0)|11/07/2011 18:50:12 GMT|Omnomnoms was killed by lava
Twoshrubs|Creeper||ENTITY_EXPLOSION|world_hoth (515.0,35.0,335.0)|11/07/2011 18:58:30 GMT|Twoshrubs was creeper bombed
Twoshrubs|||DROWNING|world_hoth (578.0,58.0,452.0)|11/07/2011 20:05:05 GMT|Twoshrubs is swimming with the fishes
faithert|Zombie||ENTITY_ATTACK|world_hoth (-58.0,64.0,84.0)|11/07/2011 23:39:49 GMT|faithert was killed by an angry Zombie
faithert|||FALL|world_hoth (-82.0,65.0,80.0)|11/08/2011 02:50:10 GMT|faithert fell to their death
twinskimmer|||FALL|world_hoth (-275.0,63.0,184.0)|11/08/2011 22:46:05 GMT|twinskimmer took a leap of faith
faithert|||FALL|world_hoth (-60.0,61.0,68.0)|11/09/2011 03:22:15 GMT|faithert took a leap of faith
twinskimmer|||SUFFOCATION|world_hoth_nether (1.0,64.0,0.0)|11/09/2011 17:28:23 GMT|twinskimmer suffocated
twinskimmer|||SUFFOCATION|world_hoth_nether (0.0,63.0,0.0)|11/09/2011 17:31:46 GMT|twinskimmer suffocated
havz0r|||FIRE_TICK|world_hoth (-156.0,72.0,156.0)|11/09/2011 17:34:40 GMT|havz0r forgot how to stop, drop and roll
havz0r|||FIRE_TICK|world_hoth_nether (-19.0,67.0,19.0)|11/09/2011 17:36:04 GMT|havz0r burned to death
twinskimmer|Creeper||ENTITY_EXPLOSION|world_hoth (-126.0,64.0,52.0)|11/09/2011 18:54:48 GMT|twinskimmer hugged a creeper
twinskimmer|||FIRE_TICK|world_hoth (-126.0,66.0,77.0)|11/09/2011 19:09:46 GMT|twinskimmer burned to death
twinskimmer|||FIRE_TICK|world_hoth (-136.0,64.0,45.0)|11/09/2011 19:16:06 GMT|twinskimmer forgot how to stop, drop and roll
twinskimmer|||FIRE_TICK|world_hoth (35.0,73.0,34.0)|11/09/2011 19:24:06 GMT|twinskimmer burned to death
Twoshrubs|Ghast||ENTITY_EXPLOSION|world_hoth_nether (-42.0,65.0,30.0)|11/09/2011 20:05:10 GMT|Twoshrubs died
SirTravjm|Creeper||ENTITY_EXPLOSION|world_hoth (-155.0,63.0,104.0)|11/09/2011 22:23:51 GMT|SirTravjm was creeper bombed
Twoshrubs|Creeper||ENTITY_EXPLOSION|world_hoth (649.0,65.0,413.0)|11/09/2011 22:29:52 GMT|Twoshrubs hugged a creeper
faithert|Skeleton||ENTITY_ATTACK|world_hoth (-3.0,70.0,46.0)|11/09/2011 22:47:51 GMT|faithert was killed by an angry Skeleton
faithert|Creeper||ENTITY_EXPLOSION|world_hoth (6.0,70.0,29.0)|11/09/2011 22:48:34 GMT|faithert hugged a creeper
faithert|Zombie||ENTITY_ATTACK|world_hoth (-23.0,69.0,3.0)|11/09/2011 23:02:01 GMT|faithert was killed by an angry Zombie
faithert|Zombie||ENTITY_ATTACK|world_hoth (-33.0,70.0,-11.0)|11/09/2011 23:03:12 GMT|faithert was killed by an angry Zombie
Bangalor|Skeleton||ENTITY_ATTACK|world_hoth (-123.0,65.0,183.0)|11/11/2011 17:42:43 GMT|Bangalor was killed by an angry Skeleton
proatwork|Skeleton||ENTITY_ATTACK|world_hoth (217.0,74.0,123.0)|11/12/2011 09:28:13 GMT|proatwork was killed by an angry Skeleton
8Doogie|Zombie||ENTITY_ATTACK|world_hoth (88.0,64.0,246.0)|11/12/2011 18:11:35 GMT|8Doogie was killed by an angry Zombie
BlackFireTech|Zombie||ENTITY_ATTACK|world_hoth (310.0,74.0,119.0)|11/12/2011 19:12:44 GMT|BlackFireTech was killed by an angry Zombie
BlackFireTech|Creeper||ENTITY_EXPLOSION|world_hoth (253.0,64.0,191.0)|11/12/2011 19:12:51 GMT|BlackFireTech hugged a creeper
HoneyMonsterAdz|||FALL|world_hoth (340.0,74.0,232.0)|11/12/2011 19:31:58 GMT|HoneyMonsterAdz fell to their death
AraSyn|||FALL|world_hoth (349.0,67.0,353.0)|11/12/2011 19:47:53 GMT|AraSyn took a leap of faith
AraSyn|Creeper||ENTITY_EXPLOSION|world_hoth (251.0,63.0,241.0)|11/12/2011 21:53:52 GMT|AraSyn hugged a creeper
AraSyn|||FALL|world_hoth (266.0,66.0,248.0)|11/12/2011 22:15:28 GMT|AraSyn took a leap of faith
hornymonkey100|||FIRE_TICK|world_hoth (-142.0,58.0,-222.0)|11/13/2011 19:54:34 GMT|hornymonkey100 forgot how to stop, drop and roll
8Doogie|Skeleton||ENTITY_ATTACK|world_hoth (-204.0,64.0,-188.0)|11/13/2011 20:04:42 GMT|8Doogie was killed by an angry Skeleton
hornymonkey100|Creeper||ENTITY_EXPLOSION|world_hoth (-159.0,56.0,-228.0)|11/13/2011 20:07:38 GMT|hornymonkey100 hugged a creeper
8Doogie|Zombie||ENTITY_ATTACK|world_hoth (-197.0,64.0,-158.0)|11/13/2011 20:24:02 GMT|8Doogie was killed by an angry Zombie
8Doogie|Creeper||ENTITY_EXPLOSION|world_hoth (-212.0,62.0,-177.0)|11/13/2011 20:28:57 GMT|8Doogie hugged a creeper
hornymonkey100|Creeper||ENTITY_EXPLOSION|world_hoth (-216.0,64.0,-99.0)|11/13/2011 20:43:35 GMT|hornymonkey100 hugged a creeper
proatwork|||VOID|world_hoth (-224.0,-196.0,-103.0)|11/13/2011 20:59:21 GMT|proatwork fell into the Gap
proatwork|||VOID|world_hoth (-224.0,-196.0,-103.0)|11/13/2011 20:59:53 GMT|proatwork fell into the Gap
proatwork|||VOID|world_hoth (-224.0,-157.0,-104.0)|11/13/2011 21:01:32 GMT|proatwork fell into the Void
Abrahamarmite|||VOID|world_hoth (-224.0,-195.0,-103.0)|11/13/2011 21:01:33 GMT|Abrahamarmite fell into the Void
faithert|Creeper||ENTITY_EXPLOSION|world_hoth (-204.0,65.0,-141.0)|11/13/2011 21:09:08 GMT|faithert hugged a creeper
proatwork|Creeper||ENTITY_EXPLOSION|world_hoth (-228.0,75.0,-98.0)|11/13/2011 21:27:44 GMT|proatwork was creeper bombed
8Doogie|Creeper||ENTITY_EXPLOSION|world_hoth (-226.0,68.0,-97.0)|11/13/2011 21:29:51 GMT|8Doogie hugged a creeper
8Doogie|||ENTITY_EXPLOSION|world_hoth (-212.0,64.0,-99.0)|11/13/2011 21:35:17 GMT|8Doogie apparently has an explosive personality
th3ant|||ENTITY_EXPLOSION|world_hoth (-209.0,64.0,-92.0)|11/13/2011 21:35:58 GMT|th3ant exploded
8Doogie|||FALL|world_hoth (-198.0,25.0,-87.0)|11/13/2011 21:37:15 GMT|8Doogie took a leap of faith
th3ant|||FALL|world_hoth (-202.0,25.0,-91.0)|11/13/2011 21:37:26 GMT|th3ant took a leap of faith
Hobby203|||LAVA|world_hoth (-199.0,63.0,-107.0)|11/13/2011 21:39:46 GMT|Hobby203 took a bath in a lake of fire
8Doogie|||LAVA|world_hoth (-203.0,61.0,-106.0)|11/13/2011 21:40:53 GMT|8Doogie took a bath in a lake of fire
proatwork|||FIRE|world_hoth (-203.0,61.0,-106.0)|11/13/2011 21:40:54 GMT|proatwork burned to death
8Doogie|||FALL|world_hoth (-199.0,27.0,-90.0)|11/13/2011 21:45:56 GMT|8Doogie fell to their death
Abrahamarmite|||FALL|world_hoth (-200.0,25.0,-89.0)|11/13/2011 21:45:58 GMT|Abrahamarmite took a leap of faith
Hobby203|||FALL|world_hoth (-201.0,25.0,-88.0)|11/13/2011 21:46:05 GMT|Hobby203 fell to their death
8Doogie|Creeper||ENTITY_EXPLOSION|world_hoth (-264.0,43.0,-180.0)|11/13/2011 21:46:42 GMT|8Doogie was creeper bombed
Abrahamarmite|||FIRE_TICK|world_hoth (-294.0,22.0,-172.0)|11/13/2011 21:47:16 GMT|Abrahamarmite forgot how to stop, drop and roll
proatwork|Creeper||ENTITY_EXPLOSION|world_hoth (-219.0,68.0,-110.0)|11/13/2011 22:08:05 GMT|proatwork hugged a creeper
8Doogie|||FALL|world_hoth (-197.0,25.0,-88.0)|11/13/2011 22:18:13 GMT|8Doogie took a leap of faith
proatwork|||FALL|world_hoth (-225.0,2.0,-103.0)|11/13/2011 22:33:44 GMT|proatwork fell to their death
proatwork|||FALL|world_hoth (-224.0,2.0,-104.0)|11/13/2011 22:34:22 GMT|proatwork took a leap of faith
proatwork|||FALL|world_hoth (-224.0,2.0,-103.0)|11/13/2011 22:37:36 GMT|proatwork took a leap of faith
proatwork|||FALL|world_hoth (-225.0,2.0,-104.0)|11/13/2011 22:39:29 GMT|proatwork took a leap of faith
proatwork|Creeper||ENTITY_EXPLOSION|world_hoth (-205.0,64.0,-100.0)|11/14/2011 00:04:12 GMT|proatwork hugged a creeper
hornymonkey100|||FALL|world_hoth (-208.0,56.0,-170.0)|11/14/2011 16:47:01 GMT|hornymonkey100 fell to their death
Hobby203|||LAVA|world_hoth (-223.0,45.0,-176.0)|11/14/2011 17:02:17 GMT|Hobby203 became obsidian
hornymonkey100|||FALL|world_hoth (-353.0,77.0,-119.0)|11/14/2011 18:28:32 GMT|hornymonkey100 took a leap of faith
Hobby203|||LAVA|world_hoth (271.0,65.0,373.0)|11/14/2011 20:31:00 GMT|Hobby203 became obsidian
proatwork|Creeper||ENTITY_EXPLOSION|world_hoth (-203.0,64.0,-192.0)|11/14/2011 20:57:50 GMT|proatwork was creeper bombed
th3ant|Zombie||ENTITY_ATTACK|world_hoth (-161.0,66.0,-186.0)|11/14/2011 21:20:55 GMT|th3ant was killed by an angry Zombie
th3ant|Creeper||ENTITY_EXPLOSION|world_hoth (-163.0,64.0,-197.0)|11/14/2011 21:27:01 GMT|th3ant hugged a creeper
Abrahamarmite|||LAVA|world_hoth (272.0,64.0,373.0)|11/14/2011 21:35:32 GMT|Abrahamarmite was killed by lava
Hobby203|||LAVA|world_hoth (258.0,64.0,377.0)|11/14/2011 21:52:34 GMT|Hobby203 was killed by lava
hornymonkey100|||FALL|world_hoth (160.0,67.0,164.0)|11/15/2011 20:10:48 GMT|hornymonkey100 fell to their death
hornymonkey100|Creeper||ENTITY_EXPLOSION|world_hoth (-234.0,59.0,-209.0)|11/15/2011 20:28:32 GMT|hornymonkey100 hugged a creeper
hornymonkey100|Spider||ENTITY_ATTACK|world_hoth (-133.0,67.0,-198.0)|11/15/2011 20:46:58 GMT|hornymonkey100 was killed by an angry Spider
hornymonkey100|||FALL|world_hoth (-95.0,72.0,-192.0)|11/15/2011 20:54:43 GMT|hornymonkey100 fell to their death
th3ant|Creeper||ENTITY_EXPLOSION|world_hoth (-163.0,66.0,-197.0)|11/15/2011 21:15:16 GMT|th3ant hugged a creeper
th3ant|||SUICIDE|world_hoth (-162.0,66.0,-189.0)|11/16/2011 17:24:04 GMT|th3ant committed suicide.
th3ant|Creeper||ENTITY_EXPLOSION|world_hoth (-162.0,65.0,-207.0)|11/16/2011 20:12:47 GMT|th3ant was creeper bombed
th3ant|||SUICIDE|world_hoth (-163.0,66.0,-188.0)|11/16/2011 21:08:15 GMT|th3ant committed suicide.
8Doogie|Skeleton||ENTITY_ATTACK|world_hoth (-256.0,62.0,-250.0)|11/17/2011 21:37:03 GMT|8Doogie was killed by an angry Skeleton
th3ant|Creeper||ENTITY_EXPLOSION|world_hoth (-163.0,64.0,-198.0)|11/17/2011 21:47:32 GMT|th3ant was creeper bombed
th3ant|||SUFFOCATION|world_hoth (-162.0,66.0,-190.0)|11/18/2011 16:54:35 GMT|th3ant suffocated
th3ant|Creeper||ENTITY_EXPLOSION|world_hoth (-181.0,63.0,-153.0)|11/18/2011 16:57:22 GMT|th3ant hugged a creeper
th3ant|Skeleton||ENTITY_ATTACK|world_hoth (-142.0,47.0,-126.0)|11/18/2011 17:02:41 GMT|th3ant was killed by an angry Skeleton
Hobby203|||SUICIDE|world_hoth (-153.0,53.0,-115.0)|11/18/2011 17:09:04 GMT|Hobby203 decided to end it all.
JamzeeBoii|Zombie||ENTITY_ATTACK|world_hoth (-138.0,47.0,-131.0)|11/18/2011 18:55:10 GMT|JamzeeBoii was killed by an angry Zombie
Hobby203|||FIRE_TICK|world_hoth (-218.0,50.0,-164.0)|11/20/2011 12:29:37 GMT|Hobby203 burned to death
Hobby203|||LAVA|world_hoth (457.0,63.0,119.0)|11/20/2011 12:38:33 GMT|Hobby203 took a bath in a lake of fire
Hobby203|||LAVA|world_hoth (458.0,62.0,120.0)|11/20/2011 12:39:02 GMT|Hobby203 became obsidian
Hobby203|||VOID|world_hoth_skylands (155.0,-72.0,-818.0)|11/20/2011 15:02:03 GMT|Hobby203 fell into the Void
th3ant|||FIRE_TICK|world_hoth_nether (30.0,69.0,-1.0)|11/20/2011 17:52:18 GMT|th3ant burned to death
JamzeeBoii|||FALL|world_hoth (-166.0,63.0,-156.0)|11/20/2011 19:52:54 GMT|JamzeeBoii took a leap of faith
JamzeeBoii|Skeleton||ENTITY_ATTACK|world_hoth (-178.0,63.0,-155.0)|11/20/2011 19:54:24 GMT|JamzeeBoii was killed by an angry Skeleton
matt1217|Spider||ENTITY_ATTACK|world_hoth (-148.0,47.0,-123.0)|11/20/2011 20:17:32 GMT|matt1217 was killed by an angry Spider
th3ant|||FIRE_TICK|world_hoth_nether (41.0,69.0,6.0)|11/20/2011 20:50:32 GMT|th3ant forgot how to stop, drop and roll
th3ant|||LAVA|world_hoth_nether (-163.0,25.0,-188.0)|11/20/2011 20:53:27 GMT|th3ant took a bath in a lake of fire
th3ant|||FALL|world_hoth (-224.0,64.0,-172.0)|11/20/2011 21:12:13 GMT|th3ant took a leap of faith
matt1217|||DROWNING|world_hoth (-219.0,62.0,-457.0)|11/20/2011 21:14:03 GMT|matt1217 is swimming with the fishes
matt1217|||FIRE|world_hoth (-225.0,63.0,-470.0)|11/20/2011 21:27:37 GMT|matt1217 burned to death
matt1217|Skeleton||ENTITY_ATTACK|world_hoth (-233.0,71.0,-117.0)|11/20/2011 22:03:06 GMT|matt1217 was killed by an angry Skeleton
matt1217|||FALL|world_hoth (-115.0,2.0,-223.0)|11/20/2011 22:18:35 GMT|matt1217 took a leap of faith
matt1217|Zombie||ENTITY_ATTACK|world_hoth (-122.0,68.0,-181.0)|11/20/2011 22:19:27 GMT|matt1217 was killed by an angry Zombie
matt1217|||DROWNING|world_hoth (-115.0,53.0,-223.0)|11/20/2011 22:23:54 GMT|matt1217 drowned
JamzeeBoii|||FALL|world_hoth (-168.0,63.0,-156.0)|11/21/2011 18:50:19 GMT|JamzeeBoii took a leap of faith
th3ant|Zombie||ENTITY_ATTACK|world_hoth (-122.0,47.0,-119.0)|11/21/2011 19:54:14 GMT|th3ant was killed by an angry Zombie
th3ant|Zombie||ENTITY_ATTACK|world_hoth (-124.0,47.0,-130.0)|11/21/2011 19:55:30 GMT|th3ant was killed by an angry Zombie
Trueblue62|||VOID|world_hoth (755.0,-84.0,-1737.0)|11/21/2011 20:31:32 GMT|Trueblue62 fell into the Void
matt1217|Spider||ENTITY_ATTACK|world_hoth (-152.0,47.0,-131.0)|11/21/2011 21:01:18 GMT|matt1217 was killed by an angry Spider
matt1217|||DROWNING|world_hoth (-218.0,53.0,-458.0)|11/21/2011 21:34:11 GMT|matt1217 took a long walk off a short pier
JamzeeBoii|||DROWNING|world_hoth (-218.0,59.0,-458.0)|11/21/2011 21:34:57 GMT|JamzeeBoii drowned
Trueblue62|||VOID|world_hoth_skylands (-788.0,-84.0,337.0)|11/22/2011 16:54:05 GMT|Trueblue62 fell into the Void
Hobby203|||FALL|world_hoth (-275.0,68.0,-211.0)|11/22/2011 18:57:20 GMT|Hobby203 took a leap of faith
Trueblue62|||VOID|world_hoth_skylands (-779.0,-90.0,1409.0)|11/22/2011 20:36:57 GMT|Trueblue62 fell into the Void
Abrahamarmite|||VOID|world_hoth_skylands (-780.0,-91.0,1403.0)|11/22/2011 20:37:09 GMT|Abrahamarmite fell into the Void
Omnomnoms|||VOID|world_hoth_skylands (-618.0,-96.0,-290.0)|11/22/2011 20:40:08 GMT|Omnomnoms fell into the Void
Abrahamarmite|||VOID|world_hoth_skylands (-354.0,-96.0,130.0)|11/22/2011 20:40:20 GMT|Abrahamarmite fell into the Void
Hobby203|||LAVA|world_hoth (-266.0,62.0,-448.0)|11/23/2011 16:35:24 GMT|Hobby203 took a bath in a lake of fire
Hansomesolo|||SUICIDE|world_hoth (-2.0,39.0,-218.0)|11/23/2011 20:39:30 GMT|Hansomesolo committed suicide.
Hansomesolo|||DROWNING|world_hoth (-217.0,57.0,-458.0)|11/23/2011 20:54:06 GMT|Hansomesolo drowned
Hansomesolo|Creeper||ENTITY_EXPLOSION|world_hoth (-292.0,36.0,-181.0)|11/23/2011 21:04:02 GMT|Hansomesolo hugged a creeper
Omnomnoms|||VOID|world_hoth_skylands (-163.0,-139.0,-420.0)|11/25/2011 21:42:28 GMT|Omnomnoms fell into the Void
hampster900|||VOID|world_hoth_skylands (-787.0,-90.0,337.0)|11/25/2011 22:56:45 GMT|hampster900 fell into the Void
hampster900|||VOID|world_hoth_skylands (-787.0,-87.0,337.0)|11/25/2011 22:57:21 GMT|hampster900 fell into the Void
Hobby203|||LAVA|world_hoth (-139.0,62.0,-165.0)|11/26/2011 16:09:06 GMT|Hobby203 took a bath in a lake of fire
Omnomnoms|||VOID|world_hoth_skylands (-793.0,-90.0,340.0)|11/26/2011 17:22:53 GMT|Omnomnoms fell into the Void
hampster900|||LAVA|world_hoth (-214.0,64.0,-189.0)|11/26/2011 17:42:33 GMT|hampster900 was killed by lava
hampster900|||LAVA|world_hoth (-215.0,64.0,-189.0)|11/26/2011 17:42:51 GMT|hampster900 was killed by lava
hampster900|||LAVA|world_hoth (-215.0,64.0,-190.0)|11/26/2011 17:43:09 GMT|hampster900 became obsidian
hampster900|||FIRE|world_hoth (-220.0,48.0,-173.0)|11/26/2011 17:44:21 GMT|hampster900 burned to death
hampster900|||LAVA|world_hoth (-213.0,64.0,-190.0)|11/26/2011 17:46:04 GMT|hampster900 took a bath in a lake of fire
hampster900|||LAVA|world_hoth (-215.0,64.0,-189.0)|11/26/2011 17:46:23 GMT|hampster900 became obsidian
Omnomnoms|||VOID|world_hoth_skylands (-322.0,-90.0,205.0)|11/27/2011 10:41:32 GMT|Omnomnoms fell into the Void
Hobby203|Zombie||ENTITY_ATTACK|world_hoth (-208.0,62.0,-810.0)|11/27/2011 16:42:38 GMT|Hobby203 was killed by an angry Zombie
Omnomnoms|||VOID|world_hoth_skylands (-22.0,-96.0,273.0)|11/27/2011 21:03:51 GMT|Omnomnoms fell into the Void
Trueblue62|||VOID|world_hoth_skylands (-23.0,-85.0,272.0)|11/27/2011 21:03:54 GMT|Trueblue62 fell into the Void
JamzeeBoii|||FALL|world_hoth (-188.0,67.0,26.0)|11/28/2011 20:35:49 GMT|JamzeeBoii took a leap of faith
Omnomnoms|||DROWNING|world_hoth (-261.0,47.0,-276.0)|11/28/2011 20:43:32 GMT|Omnomnoms took a long walk off a short pier
BeanMachine234|Omnomnoms|283x4|ENTITY_ATTACK|world_hoth (-193.0,65.0,-143.0)|11/28/2011 20:51:06 GMT|Omnomnoms killed BeanMachine234 wielding gold sword
Omnomnoms|||FALL|world_hoth (-128.0,66.0,-172.0)|11/28/2011 20:52:41 GMT|Omnomnoms took a leap of faith
leon1236|||FALL|world_hoth (-204.0,69.0,-195.0)|11/28/2011 21:17:06 GMT|leon1236 took a leap of faith
leon1236|||SUICIDE|world_hoth (-188.0,63.0,-112.0)|11/28/2011 21:22:11 GMT|leon1236 decided to end it all.
leon1236|||FALL|world_hoth (-85.0,78.0,-112.0)|11/28/2011 21:37:44 GMT|leon1236 fell to their death
leon1236|||FALL|world_hoth (-211.0,37.0,-69.0)|11/28/2011 21:47:38 GMT|leon1236 took a leap of faith
BeanMachine234|||LAVA|world_hoth (-235.0,10.0,-186.0)|11/29/2011 12:38:51 GMT|BeanMachine234 took a bath in a lake of fire
RadonGaming|||VOID|world_hoth_skylands (-21.0,-81.0,272.0)|11/29/2011 16:17:20 GMT|RadonGaming fell into the Void
leon1236|Creeper||ENTITY_EXPLOSION|world_hoth (-106.0,64.0,-71.0)|11/29/2011 16:54:04 GMT|leon1236 hugged a creeper
Hobby203|||SUICIDE|world_hoth (-131.0,51.0,-95.0)|11/29/2011 21:29:17 GMT|Hobby203 committed suicide.
th3ant|||FALL|world_hoth (-114.0,2.0,-184.0)|11/29/2011 21:36:35 GMT|th3ant took a leap of faith
RadonGaming|||VOID|world_hoth_skylands (-164.0,-77.0,-420.0)|11/30/2011 14:10:24 GMT|RadonGaming fell into the Void
Hobby203|||SUICIDE|world_hoth (-265.0,56.0,-65.0)|11/30/2011 17:17:12 GMT|Hobby203 committed suicide.
Abrahamarmite|Omnomnoms|276x0|ENTITY_ATTACK|world_hoth (880.0,70.0,1166.0)|11/30/2011 17:23:49 GMT|Omnomnoms killed Abrahamarmite wielding diamond sword
Omnomnoms|||FALL|world_hoth (865.0,76.0,1190.0)|11/30/2011 17:30:54 GMT|Omnomnoms fell to their death
Omnomnoms|||LAVA|world_hoth (865.0,73.0,1192.0)|11/30/2011 17:31:50 GMT|Omnomnoms was killed by lava
Abrahamarmite|||LAVA|world_hoth (865.0,73.0,1192.0)|11/30/2011 17:31:57 GMT|Abrahamarmite took a bath in a lake of fire
JamzeeBoii|||FALL|world_hoth (-201.0,78.0,-438.0)|11/30/2011 20:18:46 GMT|JamzeeBoii fell to their death
Omnomnoms|Hobby203|352x0|ENTITY_ATTACK|world_hoth (-164.0,60.0,-166.0)|11/30/2011 20:59:21 GMT|Hobby203 killed Omnomnoms wielding bone
leon1236|Creeper||ENTITY_EXPLOSION|world_hoth (-930.0,37.0,760.0)|11/30/2011 21:59:03 GMT|leon1236 was creeper bombed
JamzeeBoii|leon1236|267x13|ENTITY_ATTACK|world_hoth (-164.0,61.0,-169.0)|11/30/2011 22:21:10 GMT|leon1236 killed JamzeeBoii wielding iron sword
Hobby203|||FALL|world_hoth (-138.0,68.0,-5.0)|12/01/2011 19:42:25 GMT|Hobby203 fell to their death
JamzeeBoii|||FALL|world_hoth (-220.0,69.0,-439.0)|12/01/2011 20:58:05 GMT|JamzeeBoii fell to their death
leon1236|PigZombie||ENTITY_ATTACK|world_hoth_nether (65.0,76.0,-57.0)|12/02/2011 20:18:52 GMT|leon1236 was killed by an angry PigZombie
Trueblue62|Hobby203|276x2|ENTITY_ATTACK|world_hoth (-160.0,65.0,-141.0)|12/03/2011 15:43:22 GMT|Hobby203 killed Trueblue62 wielding diamond sword
Trueblue62|Hobby203|276x5|ENTITY_ATTACK|world_hoth (-157.0,64.0,-137.0)|12/03/2011 15:44:28 GMT|Hobby203 killed Trueblue62 wielding diamond sword
Trueblue62|Hobby203|276x8|ENTITY_ATTACK|world_hoth (-129.0,65.0,-136.0)|12/03/2011 15:45:12 GMT|Hobby203 killed Trueblue62 wielding diamond sword
Hobby203|||SUICIDE|world_hoth (-150.0,62.0,-219.0)|12/03/2011 15:46:30 GMT|Hobby203 decided to end it all.
Trueblue62|Hobby203|276x16|ENTITY_ATTACK|world_hoth (-186.0,69.0,-189.0)|12/03/2011 15:56:14 GMT|Hobby203 killed Trueblue62 wielding diamond sword
Trueblue62|Hobby203|276x19|ENTITY_ATTACK|world_hoth (-185.0,65.0,-201.0)|12/03/2011 15:57:31 GMT|Hobby203 killed Trueblue62 wielding diamond sword
aambss|||FALL|world_hoth (-232.0,73.0,-106.0)|12/03/2011 17:45:22 GMT|aambss fell to their death
smellaykelly|aambss|274x93|ENTITY_ATTACK|world_hoth (-202.0,64.0,-116.0)|12/03/2011 23:23:48 GMT|aambss killed smellaykelly wielding stone pickaxe
Hobby203|Zombie||ENTITY_ATTACK|world_hoth (-2498.0,64.0,-930.0)|12/04/2011 12:20:57 GMT|Hobby203 was killed by an angry Zombie
Hobby203|||SUICIDE|world_hoth (-2433.0,95.0,-933.0)|12/04/2011 14:36:31 GMT|Hobby203 committed suicide.
BeanMachine234|||FALL|world_hoth (-475.0,63.0,-348.0)|12/04/2011 15:45:01 GMT|BeanMachine234 took a leap of faith
BeanMachine234|||FALL|world_hoth (-198.0,64.0,-185.0)|12/04/2011 15:46:15 GMT|BeanMachine234 fell to their death
akextra|||FALL|world_hoth (-197.0,26.0,-89.0)|12/04/2011 15:46:48 GMT|akextra took a leap of faith
BeanMachine234|Zombie||ENTITY_ATTACK|world_hoth (-258.0,26.0,-157.0)|12/04/2011 15:53:37 GMT|BeanMachine234 was killed by an angry Zombie
BeanMachine234|||DROWNING|world_hoth (-202.0,62.0,-154.0)|12/04/2011 16:36:44 GMT|BeanMachine234 is swimming with the fishes
akextra|||FALL|world_hoth (-201.0,25.0,-87.0)|12/04/2011 16:57:07 GMT|akextra took a leap of faith
smellaykelly|Zombie||ENTITY_ATTACK|world_hoth (-2509.0,64.0,-948.0)|12/04/2011 17:05:17 GMT|smellaykelly was killed by an angry Zombie
akextra|Spider||ENTITY_ATTACK|world_hoth (-165.0,64.0,-136.0)|12/04/2011 18:59:44 GMT|akextra was killed by an angry Spider
akextra|||FALL|world_hoth (-200.0,25.0,-88.0)|12/04/2011 19:31:18 GMT|akextra fell to their death
akextra|||FALL|world_hoth (-108.0,71.0,-210.0)|12/04/2011 19:45:56 GMT|akextra took a leap of faith
leon1236|||VOID|world_hoth_skylands (-788.0,-94.0,337.0)|12/04/2011 20:00:47 GMT|leon1236 fell into the Void
akextra|Spider||ENTITY_ATTACK|world_hoth (-172.0,63.0,-202.0)|12/04/2011 20:07:03 GMT|akextra was killed by an angry Spider
leon1236|||VOID|world_hoth_skylands (-787.0,-95.0,337.0)|12/04/2011 20:12:51 GMT|leon1236 fell into the Void
akextra|||FALL|world_hoth (-200.0,26.0,-86.0)|12/04/2011 20:18:35 GMT|akextra fell to their death
akextra|Hobby203|276x2|ENTITY_ATTACK|world_hoth (-209.0,64.0,-117.0)|12/04/2011 20:57:56 GMT|Hobby203 killed akextra wielding diamond sword
akextra|Skeleton||ENTITY_ATTACK|world_hoth (-268.0,64.0,-164.0)|12/04/2011 21:02:23 GMT|akextra was killed by an angry Skeleton
proatwork|||SUFFOCATION|world_hoth (-226.0,68.0,-99.0)|12/04/2011 22:13:12 GMT|proatwork suffocated
aambss|Creeper||ENTITY_EXPLOSION|world_hoth (-176.0,64.0,-143.0)|12/04/2011 22:51:06 GMT|aambss was creeper bombed
proatwork|||FALL|world_hoth (45.0,88.0,-158.0)|12/04/2011 23:17:42 GMT|proatwork took a leap of faith
proatwork|||FALL|world_hoth (17.0,69.0,-170.0)|12/04/2011 23:47:46 GMT|proatwork took a leap of faith
proatwork|||FIRE_TICK|world_hoth (17.0,82.0,-164.0)|12/05/2011 00:29:33 GMT|proatwork forgot how to stop, drop and roll
akextra|||FALL|world_hoth (-198.0,26.0,-90.0)|12/05/2011 17:08:44 GMT|akextra fell to their death
akextra|||FALL|world_hoth (-200.0,25.0,-87.0)|12/05/2011 17:40:08 GMT|akextra took a leap of faith
akextra|||FALL|world_hoth_nether (0.0,35.0,3.0)|12/05/2011 17:51:58 GMT|akextra took a leap of faith
akextra|||SUFFOCATION|world_hoth (-147.0,63.0,-228.0)|12/05/2011 18:19:02 GMT|akextra suffocated
akextra|||DROWNING|world_hoth (-198.0,64.0,-178.0)|12/06/2011 17:20:36 GMT|akextra took a long walk off a short pier
akextra|||DROWNING|world_hoth (-2506.0,64.0,-940.0)|12/06/2011 17:34:32 GMT|akextra drowned
aambss|||DROWNING|world_hoth (-2536.0,48.0,-908.0)|12/06/2011 18:38:50 GMT|aambss drowned
Hobby203|||SUICIDE|world_hoth (-2613.0,56.0,-898.0)|12/06/2011 19:35:48 GMT|Hobby203 committed suicide.
akextra|||FALL|world_hoth (-200.0,26.0,-88.0)|12/06/2011 21:40:53 GMT|akextra took a leap of faith
Abrahamarmite|||LAVA|world_hoth (122.0,70.0,214.0)|12/06/2011 22:08:56 GMT|Abrahamarmite took a bath in a lake of fire
Abrahamarmite|||LAVA|world_hoth (119.0,70.0,214.0)|12/06/2011 22:09:01 GMT|Abrahamarmite was killed by lava
Abrahamarmite|||LAVA|world_hoth (119.0,70.0,215.0)|12/06/2011 22:09:06 GMT|Abrahamarmite became obsidian
Abrahamarmite|||LAVA|world_hoth (124.0,70.0,216.0)|12/06/2011 22:09:19 GMT|Abrahamarmite took a bath in a lake of fire
Omnomnoms|||LAVA|world_hoth (119.0,63.0,223.0)|12/06/2011 22:09:19 GMT|Omnomnoms took a bath in a lake of fire
akextra|L337Mods|4x0|ENTITY_ATTACK|world_hoth (-134.0,62.0,-76.0)|12/07/2011 17:10:16 GMT|L337Mods killed akextra wielding cobblestone
akextra|||LAVA|world_hoth (-195.0,28.0,-90.0)|12/07/2011 17:27:46 GMT|akextra became obsidian
akextra|||LAVA|world_hoth (-196.0,28.0,-88.0)|12/07/2011 17:28:11 GMT|akextra became obsidian
akextra|||FALL|world_hoth (-196.0,28.0,-87.0)|12/07/2011 17:28:42 GMT|akextra took a leap of faith
akextra|||FALL|world_hoth (-197.0,31.0,-84.0)|12/07/2011 17:29:11 GMT|akextra took a leap of faith
akextra|||FALL|world_hoth (-191.0,26.0,-93.0)|12/07/2011 17:29:42 GMT|akextra fell to their death
akextra|Hobby203|276x1|ENTITY_ATTACK|world_hoth (-2497.0,64.0,-933.0)|12/07/2011 17:35:02 GMT|Hobby203 killed akextra wielding diamond sword
Hobby203|||SUICIDE|world_hoth (-215.0,64.0,-176.0)|12/07/2011 20:16:22 GMT|Hobby203 committed suicide.
akextra|||FALL|world_hoth (-200.0,25.0,-86.0)|12/08/2011 15:45:20 GMT|akextra took a leap of faith
deadly_migit|||FALL|world_hoth (-204.0,26.0,-85.0)|12/08/2011 18:26:30 GMT|deadly_migit took a leap of faith
AraSyn|Spider||ENTITY_ATTACK|world_hoth (258.0,70.0,246.0)|12/08/2011 23:53:49 GMT|AraSyn was killed by an angry Spider
Hobby203|||SUICIDE|world_hoth (106.0,94.0,40.0)|12/09/2011 16:49:24 GMT|Hobby203 committed suicide.
Hobby203|||SUICIDE|world_hoth (103.0,48.0,43.0)|12/09/2011 16:51:30 GMT|Hobby203 committed suicide.
Hobby203|||SUICIDE|world_hoth (-114.0,33.0,-121.0)|12/09/2011 21:00:21 GMT|Hobby203 committed suicide.
Hobby203|||SUICIDE|world_hoth (-251.0,47.0,-277.0)|12/09/2011 21:58:58 GMT|Hobby203 decided to end it all.
Omnomnoms|||LAVA|world_hoth (-115.0,36.0,-133.0)|12/09/2011 22:06:29 GMT|Omnomnoms was killed by lava
Omnomnoms|Hobby203|276x1|ENTITY_ATTACK|world_hoth (-128.0,64.0,-124.0)|12/09/2011 22:08:02 GMT|Hobby203 killed Omnomnoms wielding diamond sword
Omnomnoms|Hobby203|276x3|ENTITY_ATTACK|world_hoth (-179.0,63.0,-210.0)|12/09/2011 22:22:05 GMT|Hobby203 killed Omnomnoms wielding diamond sword
akextra|||FALL|world_hoth (-199.0,26.0,-88.0)|12/10/2011 08:15:50 GMT|akextra took a leap of faith
akextra|Zombie||ENTITY_ATTACK|world_hoth (-246.0,51.0,-173.0)|12/10/2011 18:02:20 GMT|akextra was killed by an angry Zombie
akextra|||FALL|world_hoth (-204.0,28.0,-89.0)|12/10/2011 18:02:59 GMT|akextra fell to their death
akextra|||FIRE|world_hoth (-196.0,25.0,-88.0)|12/10/2011 21:20:58 GMT|akextra forgot how to stop, drop and roll
akextra|||FALL|world_hoth (-113.0,69.0,-229.0)|12/10/2011 21:25:20 GMT|akextra took a leap of faith
akextra|aambss|274x12|ENTITY_ATTACK|world_hoth (-176.0,63.0,-156.0)|12/10/2011 21:27:46 GMT|aambss killed akextra wielding stone pickaxe
akextra|smellaykelly|3x0|ENTITY_ATTACK|world_hoth (-166.0,60.0,-169.0)|12/10/2011 21:31:58 GMT|smellaykelly killed akextra wielding dirt
smellaykelly|aambss|274x22|ENTITY_ATTACK|world_hoth (-175.0,63.0,-164.0)|12/10/2011 21:32:34 GMT|aambss killed smellaykelly wielding stone pickaxe
akextra|||DROWNING|world_hoth (-179.0,63.0,-163.0)|12/10/2011 21:35:58 GMT|akextra took a long walk off a short pier
smellaykelly|aambss|274x48|ENTITY_ATTACK|world_hoth (-134.0,66.0,-157.0)|12/10/2011 21:42:24 GMT|aambss killed smellaykelly wielding stone pickaxe
smellaykelly|aambss|274x66|ENTITY_ATTACK|world_hoth (-183.0,64.0,-162.0)|12/10/2011 21:43:22 GMT|aambss killed smellaykelly wielding stone pickaxe
aambss|akextra|267x-113|ENTITY_ATTACK|world_hoth (-191.0,66.0,-96.0)|12/10/2011 21:59:48 GMT|akextra killed aambss wielding iron sword
akextra|||FALL|world_hoth (-200.0,26.0,-87.0)|12/10/2011 22:07:48 GMT|akextra took a leap of faith
akextra|aambss|274x10|ENTITY_ATTACK|world_hoth (-201.0,64.0,-122.0)|12/10/2011 22:08:17 GMT|aambss killed akextra wielding stone pickaxe
aambss|Creeper||ENTITY_EXPLOSION|world_hoth (-237.0,64.0,-146.0)|12/10/2011 22:38:29 GMT|aambss was creeper bombed
smellaykelly|Creeper||ENTITY_EXPLOSION|world_hoth (-204.0,64.0,-109.0)|12/11/2011 02:24:46 GMT|smellaykelly hugged a creeper
smellaykelly|||FIRE_TICK|world_hoth (-208.0,64.0,-117.0)|12/11/2011 02:28:30 GMT|smellaykelly burned to death
smellaykelly|Creeper||ENTITY_EXPLOSION|world_hoth (-150.0,64.0,-255.0)|12/11/2011 11:42:24 GMT|smellaykelly hugged a creeper
smellaykelly|Skeleton||ENTITY_ATTACK|world_hoth (-167.0,58.0,-238.0)|12/11/2011 11:43:13 GMT|smellaykelly was killed by an angry Skeleton
smellaykelly|Zombie||ENTITY_ATTACK|world_hoth (-149.0,62.0,-258.0)|12/11/2011 11:43:55 GMT|smellaykelly was killed by an angry Zombie
smellaykelly|Spider||ENTITY_ATTACK|world_hoth (-141.0,65.0,-252.0)|12/11/2011 11:44:54 GMT|smellaykelly was killed by an angry Spider
aambss|Spider||ENTITY_ATTACK|world_hoth (-147.0,62.0,-260.0)|12/11/2011 11:45:23 GMT|aambss was killed by an angry Spider
smellaykelly|||VOID|world_hoth (-188.0,-190.0,-161.0)|12/11/2011 14:07:21 GMT|smellaykelly fell into the Void
smellaykelly|Hobby203|269x39|ENTITY_ATTACK|world_hoth (-165.0,60.0,-171.0)|12/11/2011 14:25:09 GMT|Hobby203 killed smellaykelly wielding wooden shovel
Hobby203|smellaykelly|0x-1|ENTITY_ATTACK|world_hoth (-167.0,61.0,-168.0)|12/11/2011 14:25:38 GMT|smellaykelly killed Hobby203 wielding fists
L337Mods|||VOID|world_hoth_skylands (-788.0,-84.0,336.0)|12/11/2011 16:53:22 GMT|L337Mods fell into the Void
akextra|||FALL|world_hoth (-200.0,26.0,-87.0)|12/11/2011 20:50:06 GMT|akextra took a leap of faith
Hobby203|||SUICIDE|world_hoth (-2550.0,74.0,-942.0)|12/12/2011 17:23:36 GMT|Hobby203 decided to end it all.
L337Mods|||SUICIDE|world_hoth (-91.0,69.0,-146.0)|12/12/2011 17:28:06 GMT|L337Mods committed suicide.
IProHead|Zombie||ENTITY_ATTACK|world_hoth (-1215.0,63.0,576.0)|12/12/2011 17:44:56 GMT|IProHead was killed by an angry Zombie
IProHead|Skeleton||ENTITY_ATTACK|world_hoth (-257.0,64.0,-72.0)|12/12/2011 18:27:30 GMT|IProHead was killed by an angry Skeleton
IProHead|Creeper||ENTITY_EXPLOSION|world_hoth (-226.0,64.0,-133.0)|12/12/2011 18:48:31 GMT|IProHead was creeper bombed
IProHead|Spider||ENTITY_ATTACK|world_hoth (-139.0,66.0,-179.0)|12/12/2011 18:50:44 GMT|IProHead was killed by an angry Spider
IProHead|Spider||ENTITY_ATTACK|world_hoth (-187.0,63.0,-125.0)|12/12/2011 19:05:56 GMT|IProHead was killed by an angry Spider
IProHead|Creeper||ENTITY_EXPLOSION|world_hoth (-175.0,64.0,-131.0)|12/12/2011 19:06:38 GMT|IProHead was creeper bombed
IProHead|Creeper||ENTITY_EXPLOSION|world_hoth (-201.0,64.0,-169.0)|12/12/2011 19:06:55 GMT|IProHead was creeper bombed
IProHead|Creeper||ENTITY_EXPLOSION|world_hoth (-225.0,63.0,-247.0)|12/12/2011 19:39:07 GMT|IProHead was creeper bombed
IProHead|Creeper||ENTITY_EXPLOSION|world_hoth (-242.0,63.0,-225.0)|12/12/2011 19:40:22 GMT|IProHead was creeper bombed
IProHead|||FALL|world_hoth (-181.0,63.0,-305.0)|12/12/2011 19:46:08 GMT|IProHead fell to their death
IProHead|||FALL|world_hoth (-187.0,63.0,-298.0)|12/12/2011 19:48:52 GMT|IProHead fell to their death
IProHead|||SUICIDE|world_hoth (-197.0,63.0,-305.0)|12/12/2011 19:51:05 GMT|IProHead decided to end it all.
th3ant|IProHead|0x-1|ENTITY_ATTACK|world_hoth (-165.0,60.0,-171.0)|12/12/2011 19:57:04 GMT|IProHead killed th3ant wielding fists
th3ant|IProHead|0x-1|ENTITY_ATTACK|world_hoth (-168.0,60.0,-168.0)|12/12/2011 19:59:04 GMT|IProHead killed th3ant wielding fists
IProHead|||FALL|world_hoth (-231.0,74.0,-95.0)|12/12/2011 20:06:52 GMT|IProHead took a leap of faith
th3ant|||FALL|world_hoth (-226.0,76.0,-84.0)|12/12/2011 20:14:54 GMT|th3ant took a leap of faith
BeanMachine234|Creeper||ENTITY_EXPLOSION|world_hoth (-231.0,65.0,-134.0)|12/12/2011 20:43:42 GMT|BeanMachine234 hugged a creeper
Zowcor|Creeper||ENTITY_EXPLOSION|world_hoth (-222.0,47.0,-174.0)|12/12/2011 21:36:27 GMT|Zowcor was creeper bombed
MoTToMaDDness|Creeper||ENTITY_EXPLOSION|world_hoth (-134.0,64.0,-122.0)|12/12/2011 22:06:43 GMT|MoTToMaDDness was creeper bombed
MoTToMaDDness|Enderman||ENTITY_ATTACK|world_hoth (-280.0,64.0,-192.0)|12/12/2011 22:41:35 GMT|MoTToMaDDness was killed by an angry Enderman
Hobby203|||SUICIDE|world_hoth (-117.0,87.0,-218.0)|12/12/2011 22:45:07 GMT|Hobby203 committed suicide.
MoTToMaDDness|||DROWNING|world_hoth (-2503.0,61.0,-919.0)|12/12/2011 22:45:48 GMT|MoTToMaDDness is swimming with the fishes
akextra|Zombie||ENTITY_ATTACK|world_hoth (-198.0,63.0,-451.0)|12/13/2011 16:21:42 GMT|akextra was killed by an angry Zombie
IProHead|Creeper||ENTITY_EXPLOSION|world_hoth (-226.0,64.0,-435.0)|12/13/2011 18:13:48 GMT|IProHead hugged a creeper
IProHead|Creeper||ENTITY_EXPLOSION|world_hoth (-200.0,64.0,-208.0)|12/13/2011 18:40:25 GMT|IProHead hugged a creeper
IProHead|Enderman||ENTITY_ATTACK|world_hoth (-209.0,63.0,-435.0)|12/13/2011 18:59:08 GMT|IProHead was killed by an angry Enderman
camrocks17|||FIRE_TICK|world_hoth (-1169.0,59.0,439.0)|12/13/2011 22:04:54 GMT|camrocks17 burned to death
camrocks17|PigZombie||ENTITY_ATTACK|world_hoth_nether (-134.0,64.0,72.0)|12/13/2011 22:16:24 GMT|camrocks17 was killed by an angry PigZombie
camrocks17|PigZombie||ENTITY_ATTACK|world_hoth_nether (-148.0,62.0,80.0)|12/13/2011 22:17:30 GMT|camrocks17 was killed by an angry PigZombie
camrocks17|||LAVA|world_hoth_nether (-20.0,65.0,31.0)|12/13/2011 22:24:17 GMT|camrocks17 took a bath in a lake of fire
camrocks17|||DROWNING|world_hoth (-2528.0,61.0,-937.0)|12/13/2011 22:35:38 GMT|camrocks17 took a long walk off a short pier
th3ant|||FALL|world_hoth (-140.0,65.0,-184.0)|12/14/2011 18:35:29 GMT|th3ant took a leap of faith
BeanMachine234|||DROWNING|world_hoth (-217.0,62.0,-459.0)|12/14/2011 19:22:00 GMT|BeanMachine234 drowned
IProHead|Creeper||ENTITY_EXPLOSION|world_hoth (-232.0,64.0,-456.0)|12/14/2011 19:35:50 GMT|IProHead was creeper bombed
akextra|||FALL|world_hoth (48.0,32.0,-159.0)|12/14/2011 21:21:00 GMT|akextra took a leap of faith
akextra|Zombie||ENTITY_ATTACK|world_hoth (46.0,31.0,-159.0)|12/14/2011 21:22:21 GMT|akextra was killed by an angry Zombie
mgp_kid|Creeper||ENTITY_EXPLOSION|world_hoth (-102.0,67.0,-121.0)|12/14/2011 21:59:40 GMT|mgp_kid hugged a creeper
IProHead|Skeleton||ENTITY_ATTACK|world_hoth (-403.0,67.0,-708.0)|12/15/2011 16:44:22 GMT|IProHead was killed by an angry Skeleton
IProHead|Enderman||ENTITY_ATTACK|world_hoth (-196.0,72.0,-547.0)|12/15/2011 16:45:37 GMT|IProHead was killed by an angry Enderman
IProHead|Creeper||ENTITY_EXPLOSION|world_hoth (-147.0,62.0,-93.0)|12/15/2011 16:59:54 GMT|IProHead was creeper bombed
mgp_kid|Creeper||ENTITY_EXPLOSION|world_hoth (-2496.0,64.0,-923.0)|12/15/2011 17:30:13 GMT|mgp_kid hugged a creeper
smellaykelly|Creeper||ENTITY_EXPLOSION|world_hoth (-183.0,63.0,-149.0)|12/15/2011 17:48:10 GMT|smellaykelly hugged a creeper
IProHead|Creeper||ENTITY_EXPLOSION|world_hoth (-242.0,64.0,-423.0)|12/15/2011 20:43:50 GMT|IProHead hugged a creeper
aambss|Zombie||ENTITY_ATTACK|world_hoth (-90.0,69.0,-106.0)|12/15/2011 21:28:49 GMT|aambss was killed by an angry Zombie
mgp_kid|Spider||ENTITY_ATTACK|world_hoth (-205.0,64.0,-185.0)|12/15/2011 21:29:01 GMT|mgp_kid was killed by an angry Spider
akextra|Skeleton||ENTITY_ATTACK|world_hoth (-90.0,56.0,-109.0)|12/15/2011 21:44:17 GMT|akextra was killed by an angry Skeleton
th3ant|Creeper||ENTITY_EXPLOSION|world_hoth (-275.0,73.0,-138.0)|12/15/2011 21:50:43 GMT|th3ant hugged a creeper
th3ant|||FALL|world_hoth (-271.0,65.0,-137.0)|12/15/2011 21:51:02 GMT|th3ant fell to their death
akextra|Creeper||ENTITY_EXPLOSION|world_hoth (901.0,66.0,-810.0)|12/16/2011 11:36:50 GMT|akextra hugged a creeper
smellaykelly|Creeper||ENTITY_EXPLOSION|world_hoth (59.0,80.0,-156.0)|12/16/2011 12:27:23 GMT|smellaykelly was creeper bombed
akextra|Zombie||ENTITY_ATTACK|world_hoth (-99.0,70.0,-152.0)|12/16/2011 12:38:21 GMT|akextra was killed by an angry Zombie
akextra|Enderman||ENTITY_ATTACK|world_hoth (750.0,70.0,23.0)|12/16/2011 12:57:05 GMT|akextra was killed by an angry Enderman
akextra|||FALL|world_hoth (192.0,68.0,240.0)|12/16/2011 13:02:28 GMT|akextra fell to their death
akextra|Skeleton||ENTITY_ATTACK|world_hoth (29.0,85.0,-156.0)|12/16/2011 13:21:38 GMT|akextra was killed by an angry Skeleton
th3ant|||FALL|world_hoth (-278.0,73.0,-138.0)|12/16/2011 14:40:50 GMT|th3ant took a leap of faith
th3ant|||FALL|world_hoth (-162.0,72.0,-187.0)|12/16/2011 16:19:12 GMT|th3ant took a leap of faith
akextra|||FALL|world_hoth (18.0,69.0,-173.0)|12/16/2011 16:36:36 GMT|akextra took a leap of faith
smellaykelly|Creeper||ENTITY_EXPLOSION|world_hoth (-72.0,77.0,-194.0)|12/16/2011 17:37:33 GMT|smellaykelly hugged a creeper
smellaykelly|Skeleton||ENTITY_ATTACK|world_hoth (-90.0,74.0,-200.0)|12/16/2011 17:38:26 GMT|smellaykelly was killed by an angry Skeleton
smellaykelly|||FALL|world_hoth (-82.0,53.0,-198.0)|12/16/2011 17:39:17 GMT|smellaykelly took a leap of faith
proatwork|Creeper||ENTITY_EXPLOSION|world_hoth (-262.0,75.0,-132.0)|12/17/2011 02:39:01 GMT|proatwork hugged a creeper
IProHead|Creeper||ENTITY_EXPLOSION|world_hoth (-171.0,64.0,-169.0)|12/17/2011 10:53:06 GMT|IProHead was creeper bombed
akextra|Creeper||ENTITY_EXPLOSION|world_hoth (592.0,67.0,-1385.0)|12/17/2011 11:28:54 GMT|akextra hugged a creeper
akextra|||FALL|world_hoth (-233.0,68.0,-475.0)|12/17/2011 12:30:43 GMT|akextra fell to their death
Banterlope|Spider||ENTITY_ATTACK|world_hoth (-240.0,63.0,-192.0)|12/17/2011 17:00:22 GMT|Banterlope was killed by an angry Spider
RichtheNinja|||SUICIDE|world_hoth (-154.0,235.0,-51.0)|12/17/2011 17:02:14 GMT|RichtheNinja decided to end it all.
Minecrafter_101|||FALL|world_hoth (-237.0,64.0,-137.0)|12/17/2011 17:05:13 GMT|Minecrafter_101 took a leap of faith
RichtheNinja|||FALL|world_hoth (-204.0,61.0,-190.0)|12/17/2011 17:05:28 GMT|RichtheNinja fell to their death
RichtheNinja|||FALL|world_hoth (-21.0,83.0,-60.0)|12/17/2011 17:12:41 GMT|RichtheNinja took a leap of faith
RichtheNinja|Zombie||ENTITY_ATTACK|world_hoth (0.0,81.0,-128.0)|12/17/2011 17:13:35 GMT|RichtheNinja was killed by an angry Zombie
RichtheNinja|||FALL|world_hoth (111.0,72.0,-35.0)|12/17/2011 17:21:25 GMT|RichtheNinja took a leap of faith
Minecrafter_101|||SUICIDE|world_hoth (37.0,100.0,-139.0)|12/17/2011 17:27:42 GMT|Minecrafter_101 committed suicide.
Banterlope|RichtheNinja|272x2|ENTITY_ATTACK|world_hoth (31.0,81.0,-140.0)|12/17/2011 17:27:58 GMT|RichtheNinja killed Banterlope wielding stone sword
SkyBluesCCFC|Creeper||ENTITY_EXPLOSION|world_hoth (-2495.0,64.0,-957.0)|12/17/2011 17:28:48 GMT|SkyBluesCCFC hugged a creeper
Minecrafter_101|||FALL|world_hoth (-51.0,77.0,-115.0)|12/17/2011 17:32:38 GMT|Minecrafter_101 fell to their death
Banterlope|Creeper||ENTITY_EXPLOSION|world_hoth (49.0,80.0,-153.0)|12/17/2011 17:35:05 GMT|Banterlope was creeper bombed
Minecrafter_101|||FALL|world_hoth (-56.0,77.0,-133.0)|12/17/2011 17:35:54 GMT|Minecrafter_101 fell to their death
RichtheNinja|||FALL|world_hoth (33.0,84.0,-142.0)|12/17/2011 17:36:27 GMT|RichtheNinja took a leap of faith
Minecrafter_101|||FALL|world_hoth (-60.0,77.0,-142.0)|12/17/2011 17:37:02 GMT|Minecrafter_101 fell to their death
Minecrafter_101|||FALL|world_hoth (56.0,62.0,-383.0)|12/17/2011 17:47:16 GMT|Minecrafter_101 fell to their death
Banterlope|Creeper||ENTITY_EXPLOSION|world_hoth (50.0,82.0,-136.0)|12/17/2011 17:51:41 GMT|Banterlope hugged a creeper
Banterlope|||FALL|world_hoth (72.0,73.0,-33.0)|12/17/2011 17:56:50 GMT|Banterlope fell to their death
Minecrafter_101|Creeper||ENTITY_EXPLOSION|world_hoth (45.0,73.0,-104.0)|12/17/2011 18:15:03 GMT|Minecrafter_101 hugged a creeper
RichtheNinja|||FALL|world_hoth (199.0,70.0,-193.0)|12/17/2011 18:18:30 GMT|RichtheNinja took a leap of faith
Banterlope|Creeper||ENTITY_EXPLOSION|world_hoth (11.0,67.0,-184.0)|12/17/2011 18:21:16 GMT|Banterlope was creeper bombed
Minecrafter_101|||FALL|world_hoth (11.0,78.0,-113.0)|12/17/2011 18:35:50 GMT|Minecrafter_101 took a leap of faith
Minecrafter_101|Zombie||ENTITY_ATTACK|world_hoth (-24.0,14.0,-102.0)|12/17/2011 18:42:16 GMT|Minecrafter_101 was killed by an angry Zombie
Minecrafter_101|Creeper||ENTITY_EXPLOSION|world_hoth (15.0,60.0,-71.0)|12/17/2011 18:47:59 GMT|Minecrafter_101 hugged a creeper
IProHead|||FALL|world_hoth (-117.0,67.0,-135.0)|12/17/2011 19:11:31 GMT|IProHead took a leap of faith
Minecrafter_101|||FALL|world_hoth (31.0,85.0,-141.0)|12/17/2011 19:14:59 GMT|Minecrafter_101 took a leap of faith
RichtheNinja|Skeleton||ENTITY_ATTACK|world_hoth (58.0,74.0,-118.0)|12/18/2011 09:01:41 GMT|RichtheNinja was killed by an angry Skeleton
RichtheNinja|Enderman||ENTITY_ATTACK|world_hoth (73.0,74.0,-121.0)|12/18/2011 09:03:18 GMT|RichtheNinja was killed by an angry Enderman
RichtheNinja|Zombie||ENTITY_ATTACK|world_hoth (93.0,46.0,88.0)|12/18/2011 09:16:48 GMT|RichtheNinja was killed by an angry Zombie
IProHead|Creeper||ENTITY_EXPLOSION|world_hoth (-250.0,61.0,-261.0)|12/18/2011 10:23:15 GMT|IProHead was creeper bombed
IProHead|||FALL|world_hoth (-240.0,64.0,-458.0)|12/18/2011 10:34:50 GMT|IProHead took a leap of faith
Minecrafter_101|Creeper||ENTITY_EXPLOSION|world_hoth (12.0,16.0,-95.0)|12/18/2011 14:57:27 GMT|Minecrafter_101 was creeper bombed
Minecrafter_101|Creeper||ENTITY_EXPLOSION|world_hoth (11.0,28.0,-94.0)|12/18/2011 15:08:52 GMT|Minecrafter_101 hugged a creeper
Minecrafter_101|||FIRE_TICK|world_hoth (-19.0,26.0,-48.0)|12/18/2011 15:14:41 GMT|Minecrafter_101 burned to death
Minecrafter_101|||FIRE_TICK|world_hoth (31.0,81.0,-138.0)|12/18/2011 15:54:02 GMT|Minecrafter_101 burned to death
Minecrafter_101|||FALL|world_hoth (-2498.0,68.0,-915.0)|12/18/2011 16:42:17 GMT|Minecrafter_101 fell to their death
katotoro|Spider||ENTITY_ATTACK|world_hoth (-174.0,64.0,-135.0)|12/18/2011 17:05:12 GMT|katotoro was killed by an angry Spider
zomboy3|||BLOCK_EXPLOSION|world_hoth (-60.0,71.0,-236.0)|12/18/2011 17:35:10 GMT|zomboy3 apparently has an explosive personality
zomboy3|||BLOCK_EXPLOSION|world_hoth (-101.0,68.0,-304.0)|12/18/2011 17:36:40 GMT|zomboy3 exploded
Minecrafter_101|||FALL|world_hoth (-165.0,64.0,-136.0)|12/18/2011 17:44:17 GMT|Minecrafter_101 fell to their death
Minecrafter_101|||FALL|world_hoth (-99.0,70.0,-142.0)|12/18/2011 17:53:25 GMT|Minecrafter_101 took a leap of faith
Hobby203|||SUICIDE|world_hoth (91.0,46.0,57.0)|12/18/2011 18:02:50 GMT|Hobby203 decided to end it all.
Minecrafter_101|Zombie||ENTITY_ATTACK|world_hoth (-34.0,85.0,-132.0)|12/18/2011 18:03:37 GMT|Minecrafter_101 was killed by an angry Zombie
Minecrafter_101|||FALL|world_hoth (22.0,81.0,-138.0)|12/18/2011 18:30:16 GMT|Minecrafter_101 took a leap of faith
mgp_kid|Zombie||ENTITY_ATTACK|world_hoth (-2500.0,64.0,-968.0)|12/19/2011 16:45:30 GMT|mgp_kid was killed by an angry Zombie
mgp_kid|Spider||ENTITY_ATTACK|world_hoth (-209.0,64.0,-155.0)|12/19/2011 17:33:10 GMT|mgp_kid was killed by an angry Spider
th3ant|||FALL|world_hoth (-137.0,65.0,-143.0)|12/19/2011 18:02:36 GMT|th3ant fell to their death
mgp_kid|IProHead|272x39|ENTITY_ATTACK|world_hoth (-203.0,59.0,-193.0)|12/19/2011 18:44:33 GMT|IProHead killed mgp_kid wielding stone sword
smellaykelly|Creeper||ENTITY_EXPLOSION|world_hoth (-235.0,64.0,-149.0)|12/19/2011 19:11:49 GMT|smellaykelly hugged a creeper
mgp_kid|||FALL|world_hoth (-234.0,66.0,-410.0)|12/19/2011 19:21:10 GMT|mgp_kid fell to their death
sarvermason|Zombie||ENTITY_ATTACK|world_hoth (-165.0,61.0,-139.0)|12/19/2011 19:43:23 GMT|sarvermason was killed by an angry Zombie
sarvermason|||FALL|world_hoth (-134.0,62.0,-443.0)|12/19/2011 20:16:52 GMT|sarvermason fell to their death
sarvermason|||BLOCK_EXPLOSION|world_hoth (-255.0,47.0,-364.0)|12/19/2011 20:17:44 GMT|sarvermason apparently has an explosive personality
sarvermason|||FALL|world_hoth (-200.0,61.0,-372.0)|12/19/2011 20:29:03 GMT|sarvermason fell to their death
sarvermason|Creeper||ENTITY_EXPLOSION|world_hoth (-186.0,64.0,-234.0)|12/19/2011 20:36:34 GMT|sarvermason hugged a creeper
sarvermason|Spider||ENTITY_ATTACK|world_hoth (-195.0,64.0,-177.0)|12/19/2011 20:40:01 GMT|sarvermason was killed by an angry Spider
sarvermason|Skeleton||ENTITY_ATTACK|world_hoth (-162.0,66.0,-199.0)|12/19/2011 20:41:09 GMT|sarvermason was killed by an angry Skeleton
IProHead|||FALL|world_hoth (-220.0,65.0,-455.0)|12/19/2011 21:29:03 GMT|IProHead fell to their death
zomboy3|Zombie||ENTITY_ATTACK|world_hoth (-157.0,64.0,-139.0)|12/19/2011 21:59:24 GMT|zomboy3 was killed by an angry Zombie
IProHead|||FALL|world_hoth (-219.0,64.0,-447.0)|12/20/2011 09:04:08 GMT|IProHead took a leap of faith
IProHead|Creeper||ENTITY_EXPLOSION|world_hoth (-229.0,73.0,-103.0)|12/20/2011 17:54:22 GMT|IProHead hugged a creeper
IProHead|||SUFFOCATION|world_hoth_nether (1.0,64.0,1.0)|12/20/2011 19:13:31 GMT|IProHead suffocated
IProHead|PigZombie||ENTITY_ATTACK|world_hoth_nether (-185.0,62.0,102.0)|12/20/2011 19:52:54 GMT|IProHead was killed by an angry PigZombie
IProHead|Creeper||ENTITY_EXPLOSION|world_hoth (-210.0,64.0,-139.0)|12/20/2011 19:55:18 GMT|IProHead was creeper bombed
sarvermason|Zombie||ENTITY_ATTACK|world_hoth (-100.0,65.0,-513.0)|12/20/2011 19:57:21 GMT|sarvermason was killed by an angry Zombie
zomboy3|Creeper||ENTITY_EXPLOSION|world_hoth (-233.0,64.0,-144.0)|12/20/2011 20:31:48 GMT|zomboy3 hugged a creeper
aambss|||FALL|world_hoth (-179.0,64.0,-130.0)|12/20/2011 20:37:30 GMT|aambss took a leap of faith
DarkLord13|Zombie||ENTITY_ATTACK|world_hoth (-159.0,64.0,-160.0)|12/20/2011 22:43:00 GMT|DarkLord13 was killed by an angry Zombie
DarkLord13|Creeper||ENTITY_EXPLOSION|world_hoth (-221.0,62.0,-275.0)|12/20/2011 22:48:41 GMT|DarkLord13 was creeper bombed
DarkLord13|Creeper||ENTITY_EXPLOSION|world_hoth (-203.0,64.0,-184.0)|12/20/2011 22:49:05 GMT|DarkLord13 hugged a creeper
akextra|||FALL|world_hoth (19.0,68.0,-174.0)|12/21/2011 14:58:29 GMT|akextra fell to their death
Deeox2|||FALL|world_hoth (-170.0,60.0,-144.0)|12/21/2011 17:41:54 GMT|Deeox2 took a leap of faith
snip3Zx94|Creeper||ENTITY_EXPLOSION|world_hoth (-232.0,71.0,-115.0)|12/21/2011 17:43:01 GMT|snip3Zx94 was creeper bombed
Hobby203|||SUICIDE|world_hoth (-576.0,93.0,-633.0)|12/21/2011 22:08:07 GMT|Hobby203 decided to end it all.
Trueblue62|||VOID|world_hoth_the_end (460.0,-85.0,566.0)|12/22/2011 00:01:34 GMT|Trueblue62 fell into the Void
hampster900|||VOID|world_hoth_the_end (457.0,-85.0,564.0)|12/22/2011 00:02:00 GMT|hampster900 fell into the Void
Trueblue62|||VOID|world_hoth_the_end (401.0,-69.0,484.0)|12/22/2011 00:05:43 GMT|Trueblue62 fell into the Void
sarvermason|Trueblue62|261x60|ENTITY_ATTACK|world_hoth (-358.0,63.0,-181.0)|12/22/2011 00:15:43 GMT|Trueblue62 killed sarvermason wielding bow & arrow
Trueblue62|||FALL|world_hoth (-207.0,64.0,-177.0)|12/22/2011 00:17:31 GMT|Trueblue62 took a leap of faith
RichtheNinja|||FALL|world_hoth (-66.0,72.0,-195.0)|12/22/2011 10:32:13 GMT|RichtheNinja fell to their death
RichtheNinja|Spider||ENTITY_ATTACK|world_hoth (22.0,79.0,-120.0)|12/22/2011 10:41:25 GMT|RichtheNinja was killed by an angry Spider
Hobby203|||LAVA|world_hoth_nether (-214.0,26.0,35.0)|12/22/2011 11:21:28 GMT|Hobby203 became obsidian
Minecrafter_101|||FIRE|world_hoth (-13.0,6.0,-102.0)|12/22/2011 13:07:06 GMT|Minecrafter_101 burned to death
DarkLord13|Skeleton||ENTITY_ATTACK|world_hoth (-523.0,89.0,-612.0)|12/22/2011 13:59:49 GMT|DarkLord13 was killed by an angry Skeleton
DarkLord13|Skeleton||ENTITY_ATTACK|world_hoth (-204.0,64.0,-186.0)|12/22/2011 14:01:01 GMT|DarkLord13 was killed by an angry Skeleton
Hobby203|Abrahamarmite|262x0|ENTITY_ATTACK|world_hoth (-246.0,65.0,-138.0)|12/22/2011 15:19:35 GMT|Abrahamarmite killed Hobby203 wielding arrow
Omnomnoms|Abrahamarmite|262x0|ENTITY_ATTACK|world_hoth (-232.0,64.0,-148.0)|12/22/2011 15:19:43 GMT|Abrahamarmite killed Omnomnoms wielding arrow
IProHead|||FALL|world_hoth (-145.0,95.0,-141.0)|12/22/2011 15:20:50 GMT|IProHead fell to their death
th3ant|Hobby203|276x20|ENTITY_ATTACK|world_hoth (-230.0,21.0,-85.0)|12/22/2011 15:23:29 GMT|Hobby203 killed th3ant wielding diamond sword
IProHead|PigZombie||ENTITY_ATTACK|world_hoth_nether (-67.0,67.0,-44.0)|12/22/2011 15:29:22 GMT|IProHead was killed by an angry PigZombie
Omnomnoms|||FIRE_TICK|world_hoth (608.0,65.0,481.0)|12/22/2011 15:34:28 GMT|Omnomnoms burned to death
Omnomnoms|Slime||ENTITY_ATTACK|world_hoth (614.0,68.0,484.0)|12/22/2011 15:34:45 GMT|Omnomnoms was killed by an angry Slime
Omnomnoms|||DROWNING|world_hoth (607.0,57.0,467.0)|12/22/2011 16:25:06 GMT|Omnomnoms took a long walk off a short pier
Trueblue62|||VOID|world_hoth (616.0,-71.0,475.0)|12/22/2011 16:28:48 GMT|Trueblue62 fell into the Void
IProHead|smellaykelly|267x63|ENTITY_ATTACK|world_hoth (-202.0,59.0,-189.0)|12/22/2011 16:49:32 GMT|smellaykelly killed IProHead wielding iron sword
IProHead|Trueblue62|261x24|ENTITY_ATTACK|world_hoth (-203.0,64.0,-191.0)|12/22/2011 16:51:35 GMT|Trueblue62 killed IProHead wielding bow & arrow
IProHead|Trueblue62|261x28|ENTITY_ATTACK|world_hoth (-203.0,59.0,-191.0)|12/22/2011 16:52:00 GMT|Trueblue62 killed IProHead wielding bow & arrow
IProHead|||FALL|world_hoth (-206.0,64.0,-200.0)|12/22/2011 16:53:41 GMT|IProHead took a leap of faith
IProHead|Creeper||ENTITY_EXPLOSION|world_hoth (-250.0,64.0,-175.0)|12/22/2011 16:58:33 GMT|IProHead was creeper bombed
IProHead|Zombie||ENTITY_ATTACK|world_hoth (-246.0,64.0,-168.0)|12/22/2011 17:01:52 GMT|IProHead was killed by an angry Zombie
matt1217|||DROWNING|world_hoth (-218.0,63.0,-458.0)|12/22/2011 17:18:29 GMT|matt1217 took a long walk off a short pier
smellaykelly|||FALL|world_hoth (-202.0,64.0,-183.0)|12/22/2011 17:24:31 GMT|smellaykelly fell to their death
sarvermason|Enderman||ENTITY_ATTACK|world_hoth (-158.0,64.0,-138.0)|12/22/2011 17:38:23 GMT|sarvermason was killed by an angry Enderman
sarvermason|Creeper||ENTITY_EXPLOSION|world_hoth (-2506.0,64.0,-955.0)|12/22/2011 17:42:13 GMT|sarvermason was creeper bombed
smellaykelly|Omnomnoms|373x0|ENTITY_ATTACK|world_hoth (31.0,83.0,-164.0)|12/22/2011 17:43:41 GMT|Omnomnoms killed smellaykelly wielding Potion 
Trueblue62|||FALL|world_hoth (-22.0,78.0,-171.0)|12/22/2011 17:45:19 GMT|Trueblue62 took a leap of faith
Trueblue62|Omnomnoms|373x0|ENTITY_ATTACK|world_hoth (32.0,88.0,-159.0)|12/22/2011 17:46:19 GMT|Omnomnoms killed Trueblue62 wielding Potion 
Abrahamarmite|Omnomnoms|373x0|ENTITY_ATTACK|world_hoth (601.0,65.0,485.0)|12/22/2011 17:54:50 GMT|Omnomnoms killed Abrahamarmite wielding Potion 
snip3Zx94|||FALL|world_hoth (-202.0,64.0,-183.0)|12/22/2011 18:02:32 GMT|snip3Zx94 fell to their death
Omnomnoms|Abrahamarmite|382x0|ENTITY_ATTACK|world_hoth (605.0,63.0,482.0)|12/22/2011 18:10:03 GMT|Abrahamarmite killed Omnomnoms wielding Speckled Melon 
Trueblue62|||DROWNING|world_hoth (523.0,47.0,599.0)|12/22/2011 18:29:37 GMT|Trueblue62 drowned
sarvermason|Zombie||ENTITY_ATTACK|world_hoth (-75.0,59.0,-419.0)|12/22/2011 19:01:41 GMT|sarvermason was killed by an angry Zombie
mgp_kid|||SUFFOCATION|world_hoth_nether (1.0,64.0,1.0)|12/22/2011 19:19:13 GMT|mgp_kid suffocated
hampster900|||VOID|world_hoth (-134.0,-82.0,-73.0)|12/22/2011 19:34:08 GMT|hampster900 fell into the Void
IProHead|||FALL|world_hoth (-227.0,65.0,-136.0)|12/22/2011 20:12:43 GMT|IProHead took a leap of faith
IProHead|||FALL|world_hoth (-46.0,82.0,-171.0)|12/22/2011 20:39:03 GMT|IProHead fell to their death
mgp_kid|||FALL|world_hoth (-203.0,64.0,-184.0)|12/22/2011 21:07:44 GMT|mgp_kid fell to their death
mgp_kid|||FALL|world_hoth_the_end (-26.0,61.0,11.0)|12/22/2011 21:33:48 GMT|mgp_kid took a leap of faith
mgp_kid|||BLOCK_EXPLOSION|world_hoth_the_end (-27.0,95.0,10.0)|12/22/2011 21:34:53 GMT|mgp_kid exploded
mgp_kid|||FALL|world_hoth_the_end (-28.0,56.0,11.0)|12/22/2011 21:35:20 GMT|mgp_kid fell to their death
mgp_kid|||FALL|world_hoth_the_end (-21.0,43.0,7.0)|12/22/2011 21:40:05 GMT|mgp_kid took a leap of faith
mgp_kid|||FALL|world_hoth_the_end (-43.0,58.0,9.0)|12/22/2011 21:40:22 GMT|mgp_kid fell to their death
mgp_kid|||FALL|world_hoth_the_end (-29.0,55.0,-15.0)|12/22/2011 21:40:40 GMT|mgp_kid fell to their death
mgp_kid|||FALL|world_hoth_the_end (-28.0,60.0,15.0)|12/22/2011 21:41:53 GMT|mgp_kid fell to their death
mgp_kid|||FALL|world_hoth_the_end (47.0,45.0,-17.0)|12/22/2011 21:46:19 GMT|mgp_kid took a leap of faith
snip3Zx94|||FALL|world_hoth (-206.0,63.0,-91.0)|12/22/2011 22:11:54 GMT|snip3Zx94 fell to their death
Scotty8D|Creeper||ENTITY_EXPLOSION|world_hoth (-73.0,69.0,-164.0)|12/22/2011 22:42:45 GMT|Scotty8D was creeper bombed
hampster900|smellaykelly|283x4|ENTITY_ATTACK|world_hoth (41.0,83.0,-161.0)|12/22/2011 22:48:03 GMT|smellaykelly killed hampster900 wielding gold sword
Omnomnoms|||LAVA|world_hoth (-83.0,69.0,-169.0)|12/22/2011 23:12:48 GMT|Omnomnoms took a bath in a lake of fire
mgp_kid|Spider||ENTITY_ATTACK|world_hoth (-240.0,78.0,-99.0)|12/23/2011 07:49:47 GMT|mgp_kid was killed by an angry Spider
IProHead|||FALL|world_hoth (-205.0,64.0,-478.0)|12/23/2011 09:08:51 GMT|IProHead fell to their death
DarkLord13|Zombie||ENTITY_ATTACK|world_hoth (-224.0,64.0,-435.0)|12/23/2011 11:05:46 GMT|DarkLord13 was killed by an angry Zombie
DarkLord13|Creeper||ENTITY_EXPLOSION|world_hoth (-122.0,68.0,-202.0)|12/23/2011 11:10:46 GMT|DarkLord13 hugged a creeper
DarkLord13|Creeper||ENTITY_EXPLOSION|world_hoth (-164.0,64.0,-209.0)|12/23/2011 11:27:46 GMT|DarkLord13 hugged a creeper
DarkLord13|||VOID|world_hoth_the_end (232.0,-70.0,-803.0)|12/23/2011 13:50:10 GMT|DarkLord13 fell into the Void
IProHead|Zombie||ENTITY_ATTACK|world_hoth (-243.0,63.0,-218.0)|12/23/2011 14:58:12 GMT|IProHead was killed by an angry Zombie
smellaykelly|Creeper||ENTITY_EXPLOSION|world_hoth (35.0,83.0,-162.0)|12/23/2011 16:45:14 GMT|smellaykelly hugged a creeper
Omnomnoms|||FALL|world_hoth (620.0,74.0,613.0)|12/23/2011 16:58:14 GMT|Omnomnoms fell to their death
snip3Zx94|Zombie||ENTITY_ATTACK|world_hoth (-2502.0,64.0,-968.0)|12/23/2011 17:30:22 GMT|snip3Zx94 was killed by an angry Zombie
Abrahamarmite|||FALL|world_hoth (620.0,68.0,540.0)|12/23/2011 17:36:39 GMT|Abrahamarmite took a leap of faith
Omnomnoms|||FALL|world_hoth (552.0,57.0,563.0)|12/23/2011 17:37:51 GMT|Omnomnoms fell to their death
Abrahamarmite|||FALL|world_hoth (611.0,67.0,504.0)|12/23/2011 17:39:46 GMT|Abrahamarmite fell to their death
Abrahamarmite|||FALL|world_hoth (621.0,81.0,525.0)|12/23/2011 17:40:43 GMT|Abrahamarmite fell to their death
Abrahamarmite|||FALL|world_hoth (621.0,89.0,497.0)|12/23/2011 17:41:37 GMT|Abrahamarmite fell to their death
Omnomnoms|||FALL|world_hoth (606.0,72.0,520.0)|12/23/2011 18:05:39 GMT|Omnomnoms took a leap of faith
Omnomnoms|||FALL|world_hoth (610.0,66.0,519.0)|12/23/2011 18:08:37 GMT|Omnomnoms fell to their death
Omnomnoms|||FALL|world_hoth (605.0,66.0,507.0)|12/23/2011 18:11:25 GMT|Omnomnoms took a leap of faith
Omnomnoms|||FALL|world_hoth (603.0,64.0,489.0)|12/23/2011 18:20:05 GMT|Omnomnoms took a leap of faith
Omnomnoms|||FALL|world_hoth (563.0,42.0,546.0)|12/23/2011 18:21:22 GMT|Omnomnoms took a leap of faith
snip3Zx94|Creeper||ENTITY_EXPLOSION|world_hoth (-348.0,14.0,-111.0)|12/23/2011 18:30:45 GMT|snip3Zx94 was creeper bombed
hampster900|||LAVA|world_hoth (608.0,64.0,510.0)|12/23/2011 18:44:59 GMT|hampster900 was killed by lava
Abrahamarmite|||FALL|world_hoth (608.0,66.0,514.0)|12/23/2011 18:45:13 GMT|Abrahamarmite took a leap of faith
Abrahamarmite|||LAVA|world_hoth (606.0,64.0,509.0)|12/23/2011 18:46:55 GMT|Abrahamarmite became obsidian
hampster900|||FALL|world_hoth (620.0,72.0,494.0)|12/23/2011 18:48:39 GMT|hampster900 took a leap of faith
Omnomnoms|||FALL|world_hoth (617.0,65.0,501.0)|12/23/2011 18:48:44 GMT|Omnomnoms fell to their death
Abrahamarmite|||FALL|world_hoth (621.0,74.0,527.0)|12/23/2011 18:48:44 GMT|Abrahamarmite took a leap of faith
Abrahamarmite|||FALL|world_hoth (566.0,42.0,525.0)|12/23/2011 18:48:49 GMT|Abrahamarmite fell to their death
Omnomnoms|||DROWNING|world_hoth (539.0,43.0,507.0)|12/23/2011 18:49:23 GMT|Omnomnoms drowned
Omnomnoms|||LAVA|world_hoth (608.0,64.0,513.0)|12/23/2011 18:51:14 GMT|Omnomnoms became obsidian
Abrahamarmite|||FALL|world_hoth (609.0,67.0,498.0)|12/23/2011 18:51:55 GMT|Abrahamarmite fell to their death
Abrahamarmite|||DROWNING|world_hoth (596.0,62.0,532.0)|12/23/2011 18:52:58 GMT|Abrahamarmite drowned
Abrahamarmite|||FALL|world_hoth (603.0,58.0,562.0)|12/23/2011 18:54:13 GMT|Abrahamarmite took a leap of faith
Abrahamarmite|||FALL|world_hoth (586.0,41.0,556.0)|12/23/2011 18:54:40 GMT|Abrahamarmite fell to their death
Abrahamarmite|||LAVA|world_hoth (607.0,64.0,510.0)|12/23/2011 18:55:17 GMT|Abrahamarmite became obsidian
Abrahamarmite|||LAVA|world_hoth (610.0,64.0,512.0)|12/23/2011 18:55:30 GMT|Abrahamarmite became obsidian
Abrahamarmite|||LAVA|world_hoth (608.0,64.0,513.0)|12/23/2011 18:55:46 GMT|Abrahamarmite was killed by lava
Abrahamarmite|||DROWNING|world_hoth (594.0,62.0,511.0)|12/23/2011 18:56:16 GMT|Abrahamarmite is swimming with the fishes
Omnomnoms|Abrahamarmite|0x-1|ENTITY_ATTACK|world_hoth (615.0,67.0,477.0)|12/23/2011 18:59:09 GMT|Abrahamarmite killed Omnomnoms wielding fists
Omnomnoms|||DROWNING|world_hoth (603.0,61.0,485.0)|12/23/2011 19:00:52 GMT|Omnomnoms is swimming with the fishes
Abrahamarmite|||FALL|world_hoth (621.0,91.0,513.0)|12/23/2011 19:02:28 GMT|Abrahamarmite fell to their death
Abrahamarmite|||LAVA|world_hoth (611.0,65.0,475.0)|12/23/2011 19:05:28 GMT|Abrahamarmite was killed by lava
Abrahamarmite|||VOID|world_hoth (535.0,-205.0,427.0)|12/23/2011 19:12:27 GMT|Abrahamarmite fell into the Void
snip3Zx94|||FALL|world_hoth (-359.0,12.0,-122.0)|12/23/2011 19:18:06 GMT|snip3Zx94 took a leap of faith
hampster900|||FALL|world_hoth (626.0,67.0,505.0)|12/23/2011 19:20:31 GMT|hampster900 fell to their death
Abrahamarmite|||VOID|world_hoth (668.0,-218.0,471.0)|12/23/2011 19:23:54 GMT|Abrahamarmite fell into the Void
snip3Zx94|||LAVA|world_hoth (-370.0,10.0,-120.0)|12/23/2011 22:11:19 GMT|snip3Zx94 took a bath in a lake of fire
sarvermason|||FALL|world_hoth (-192.0,63.0,-272.0)|12/24/2011 01:26:26 GMT|sarvermason fell to their death
mgp_kid|Spider||ENTITY_ATTACK|world_hoth (-242.0,78.0,-99.0)|12/24/2011 12:43:14 GMT|mgp_kid was killed by an angry Spider
IProHead|||FALL|world_hoth (-170.0,65.0,-128.0)|12/24/2011 16:42:14 GMT|IProHead fell to their death
IProHead|||FALL|world_hoth (-181.0,64.0,-130.0)|12/24/2011 16:59:32 GMT|IProHead took a leap of faith
IProHead|Creeper||ENTITY_EXPLOSION|world_hoth (-191.0,63.0,-121.0)|12/24/2011 17:01:26 GMT|IProHead was creeper bombed
IProHead|Creeper||ENTITY_EXPLOSION|world_hoth (-190.0,61.0,-120.0)|12/24/2011 17:02:18 GMT|IProHead hugged a creeper
camrocks17|sarvermason|276x10|ENTITY_ATTACK|world_hoth (-243.0,64.0,-162.0)|12/24/2011 20:54:29 GMT|sarvermason killed camrocks17 wielding diamond sword
camrocks17|sarvermason|276x14|ENTITY_ATTACK|world_hoth (-200.0,70.0,-178.0)|12/24/2011 20:55:55 GMT|sarvermason killed camrocks17 wielding diamond sword
camrocks17|||SUICIDE|world_hoth (-195.0,100.0,-152.0)|12/24/2011 21:00:29 GMT|camrocks17 decided to end it all.
camrocks17|sarvermason|276x18|ENTITY_ATTACK|world_hoth (-225.0,85.0,-135.0)|12/24/2011 21:00:53 GMT|sarvermason killed camrocks17 wielding diamond sword
sarvermason|th3ant|276x2|ENTITY_ATTACK|world_hoth (-200.0,71.0,-140.0)|12/24/2011 21:01:41 GMT|th3ant killed sarvermason wielding diamond sword
sarvermason|Spider||ENTITY_ATTACK|world_hoth (-218.0,64.0,-178.0)|12/24/2011 21:02:53 GMT|sarvermason was killed by an angry Spider
camrocks17|||FALL|world_hoth (-244.0,74.0,-91.0)|12/24/2011 21:03:14 GMT|camrocks17 fell to their death
sarvermason|th3ant|276x2|ENTITY_ATTACK|world_hoth (-202.0,69.0,-143.0)|12/24/2011 21:03:47 GMT|th3ant killed sarvermason wielding diamond sword
sarvermason|||FALL|world_hoth (-160.0,64.0,-137.0)|12/24/2011 21:31:30 GMT|sarvermason fell to their death
akextra|||FALL|world_hoth (-533.0,85.0,627.0)|12/24/2011 21:46:57 GMT|akextra fell to their death
akextra|||FALL|world_hoth (427.0,64.0,629.0)|12/24/2011 21:56:04 GMT|akextra fell to their death
akextra|||FALL|world_hoth (32.0,66.0,-171.0)|12/24/2011 22:08:34 GMT|akextra fell to their death
akextra|||FALL|world_hoth (46.0,63.0,-183.0)|12/24/2011 22:11:01 GMT|akextra took a leap of faith
akextra|sarvermason|276x31|ENTITY_ATTACK|world_hoth (-528.0,87.0,628.0)|12/24/2011 22:16:20 GMT|sarvermason killed akextra wielding diamond sword
sarvermason|Slime||ENTITY_ATTACK|world_hoth (-518.0,85.0,623.0)|12/24/2011 22:16:31 GMT|sarvermason was killed by an angry Slime
sarvermason|akextra|276x58|ENTITY_ATTACK|world_hoth (-531.0,85.0,621.0)|12/24/2011 22:17:46 GMT|akextra killed sarvermason wielding diamond sword
sarvermason|akextra|276x61|ENTITY_ATTACK|world_hoth (16.0,82.0,-165.0)|12/24/2011 22:18:09 GMT|akextra killed sarvermason wielding diamond sword
akextra|sarvermason|276x45|ENTITY_ATTACK|world_hoth (-519.0,85.0,618.0)|12/24/2011 22:21:18 GMT|sarvermason killed akextra wielding diamond sword
sarvermason|akextra|267x-60|ENTITY_ATTACK|world_hoth (-535.0,85.0,627.0)|12/24/2011 22:21:54 GMT|akextra killed sarvermason wielding iron sword
akextra|||FIRE|world_hoth (39.0,77.0,-189.0)|12/24/2011 22:29:03 GMT|akextra burned to death
smellaykelly|Zombie||ENTITY_ATTACK|world_hoth (57.0,75.0,-166.0)|12/25/2011 00:48:17 GMT|smellaykelly was killed by an angry Zombie
snip3Zx94|||FALL|world_hoth (-249.0,64.0,-154.0)|12/25/2011 02:57:54 GMT|snip3Zx94 fell to their death
snip3Zx94|||FALL|world_hoth (-251.0,64.0,-162.0)|12/25/2011 02:58:16 GMT|snip3Zx94 took a leap of faith
snip3Zx94|Creeper||ENTITY_EXPLOSION|world_hoth (-257.0,98.0,-124.0)|12/25/2011 02:59:45 GMT|snip3Zx94 was creeper bombed
snip3Zx94|||FALL|world_hoth (-227.0,65.0,-149.0)|12/25/2011 03:01:13 GMT|snip3Zx94 fell to their death
snip3Zx94|||FALL|world_hoth (-246.0,73.0,-107.0)|12/25/2011 03:03:09 GMT|snip3Zx94 fell to their death
snip3Zx94|||FALL|world_hoth (-254.0,65.0,-146.0)|12/25/2011 03:09:02 GMT|snip3Zx94 took a leap of faith
snip3Zx94|||FALL|world_hoth (-281.0,97.0,-149.0)|12/25/2011 03:13:46 GMT|snip3Zx94 fell to their death
snip3Zx94|||FALL|world_hoth (-216.0,64.0,-156.0)|12/25/2011 03:18:14 GMT|snip3Zx94 fell to their death
snip3Zx94|||FALL|world_hoth (-208.0,71.0,-189.0)|12/25/2011 03:19:46 GMT|snip3Zx94 took a leap of faith
snip3Zx94|||FALL|world_hoth (-134.0,72.0,-121.0)|12/25/2011 03:21:59 GMT|snip3Zx94 took a leap of faith
snip3Zx94|||FALL|world_hoth (-134.0,73.0,-151.0)|12/25/2011 03:24:06 GMT|snip3Zx94 took a leap of faith
snip3Zx94|||FALL|world_hoth (-113.0,65.0,-143.0)|12/25/2011 03:39:36 GMT|snip3Zx94 took a leap of faith
snip3Zx94|||FALL|world_hoth (21.0,81.0,-144.0)|12/25/2011 03:41:08 GMT|snip3Zx94 took a leap of faith
snip3Zx94|||FALL|world_hoth (-241.0,89.0,-101.0)|12/25/2011 03:51:13 GMT|snip3Zx94 took a leap of faith
snip3Zx94|||FALL|world_hoth (51.0,101.0,-626.0)|12/25/2011 04:00:50 GMT|snip3Zx94 took a leap of faith
snip3Zx94|||FALL|world_hoth (237.0,122.0,-707.0)|12/25/2011 04:06:46 GMT|snip3Zx94 fell to their death
smellaykelly|Creeper||ENTITY_EXPLOSION|world_hoth (63.0,75.0,-122.0)|12/25/2011 16:47:12 GMT|smellaykelly hugged a creeper
Omnomnoms|||LAVA|world_hoth (-463.0,61.0,-68.0)|12/25/2011 16:52:07 GMT|Omnomnoms took a bath in a lake of fire
Abrahamarmite|||LAVA|world_hoth (-464.0,61.0,-70.0)|12/25/2011 16:52:13 GMT|Abrahamarmite took a bath in a lake of fire
Abrahamarmite|||FALL|world_hoth (384.0,38.0,-872.0)|12/25/2011 17:00:42 GMT|Abrahamarmite took a leap of faith
smellaykelly|Spider||ENTITY_ATTACK|world_hoth (54.0,80.0,-150.0)|12/25/2011 17:02:46 GMT|smellaykelly was killed by an angry Spider
Omnomnoms|Spider||ENTITY_ATTACK|world_hoth (417.0,72.0,-872.0)|12/25/2011 17:34:24 GMT|Omnomnoms was killed by an angry Spider
Omnomnoms|||DROWNING|world_hoth (578.0,61.0,501.0)|12/25/2011 17:35:07 GMT|Omnomnoms drowned
Abrahamarmite|Creeper||ENTITY_EXPLOSION|world_hoth (415.0,70.0,-859.0)|12/25/2011 17:37:46 GMT|Abrahamarmite was creeper bombed
Omnomnoms|||LAVA|world_hoth_nether (-185.0,30.0,38.0)|12/25/2011 17:46:19 GMT|Omnomnoms became obsidian
aambss|Enderman||ENTITY_ATTACK|world_hoth (-233.0,74.0,-96.0)|12/25/2011 19:33:12 GMT|aambss was killed by an angry Enderman
aambss|Enderman||ENTITY_ATTACK|world_hoth (-232.0,74.0,-83.0)|12/25/2011 19:33:58 GMT|aambss was killed by an angry Enderman
Hobby203|||VOID|world_hoth (-512.0,-82.0,672.0)|12/25/2011 21:29:18 GMT|Hobby203 fell into the Void
the_magic|Spider||ENTITY_ATTACK|world_hoth (-186.0,64.0,-198.0)|12/25/2011 21:51:34 GMT|the_magic was killed by an angry Spider
smellaykelly|Creeper||ENTITY_EXPLOSION|world_hoth (51.0,80.0,-157.0)|12/25/2011 23:30:44 GMT|smellaykelly was creeper bombed
smellaykelly|Creeper||ENTITY_EXPLOSION|world_hoth (55.0,79.0,-164.0)|12/25/2011 23:31:08 GMT|smellaykelly was creeper bombed
mgp_kid|||FALL|world_hoth (-238.0,74.0,-96.0)|12/26/2011 08:20:45 GMT|mgp_kid took a leap of faith
mgp_kid|||SUICIDE|world_hoth (-224.0,64.0,-144.0)|12/26/2011 09:20:20 GMT|mgp_kid decided to end it all.
DarkLord13|||VOID|world_hoth (535.0,-92.0,563.0)|12/26/2011 13:00:38 GMT|DarkLord13 fell into the Void
DarkLord13|||VOID|world_hoth (535.0,-92.0,563.0)|12/26/2011 13:00:52 GMT|DarkLord13 fell into the Void
the_magic|PigZombie||ENTITY_ATTACK|world_hoth_nether (-23.0,73.0,-28.0)|12/26/2011 13:18:29 GMT|the_magic was killed by an angry PigZombie
th3ant|||FALL|world_hoth (-2434.0,11.0,-793.0)|12/26/2011 17:57:14 GMT|th3ant took a leap of faith
aambss|smellaykelly|283x26|ENTITY_ATTACK|world_hoth (-193.0,64.0,-112.0)|12/26/2011 19:43:15 GMT|smellaykelly killed aambss wielding gold sword
aambss|||FALL|world_hoth (34.0,63.0,-176.0)|12/26/2011 20:04:27 GMT|aambss took a leap of faith
aambss|Wolf||ENTITY_ATTACK|world_hoth (30.0,84.0,-159.0)|12/26/2011 20:10:18 GMT|aambss was killed by an angry Wolf
aambss|Wolf||ENTITY_ATTACK|world_hoth (31.0,83.0,-162.0)|12/26/2011 20:34:10 GMT|aambss was killed by an angry Wolf
aambss|Wolf||ENTITY_ATTACK|world_hoth (36.0,83.0,-155.0)|12/26/2011 20:36:34 GMT|aambss was killed by an angry Wolf
sarvermason|||FALL|world_hoth (-203.0,64.0,-206.0)|12/26/2011 21:04:57 GMT|sarvermason took a leap of faith
aambss|Wolf||ENTITY_ATTACK|world_hoth (30.0,82.0,-166.0)|12/26/2011 22:12:46 GMT|aambss was killed by an angry Wolf
aambss|Wolf||ENTITY_ATTACK|world_hoth (31.0,83.0,-166.0)|12/26/2011 22:12:58 GMT|aambss was killed by an angry Wolf
aambss|Wolf||ENTITY_ATTACK|world_hoth (30.0,84.0,-166.0)|12/26/2011 22:20:31 GMT|aambss was killed by an angry Wolf
smellaykelly|aambss|258x94|ENTITY_ATTACK|world_hoth (33.0,83.0,-163.0)|12/26/2011 22:21:45 GMT|aambss killed smellaykelly wielding iron axe
smellaykelly|aambss|258x104|ENTITY_ATTACK|world_hoth (35.0,83.0,-164.0)|12/26/2011 22:22:02 GMT|aambss killed smellaykelly wielding iron axe
aambss|smellaykelly|267x96|ENTITY_ATTACK|world_hoth (40.0,83.0,-155.0)|12/26/2011 22:22:36 GMT|smellaykelly killed aambss wielding iron sword
smellaykelly|aambss|261x7|ENTITY_ATTACK|world_hoth (38.0,83.0,-153.0)|12/26/2011 22:23:03 GMT|aambss killed smellaykelly wielding bow & arrow
aambss|||FALL|world_hoth (23.0,68.0,-171.0)|12/26/2011 22:50:10 GMT|aambss took a leap of faith
aambss|Wolf||ENTITY_ATTACK|world_hoth (41.0,83.0,-162.0)|12/26/2011 23:00:32 GMT|aambss was killed by an angry Wolf
aambss|Wolf||ENTITY_ATTACK|world_hoth (38.0,83.0,-183.0)|12/26/2011 23:00:55 GMT|aambss was killed by an angry Wolf
mgp_kid|||FALL|world_hoth (-198.0,69.0,-86.0)|12/27/2011 11:50:09 GMT|mgp_kid took a leap of faith
Omnomnoms|||VOID|world_hoth (-169.0,-82.0,-224.0)|12/27/2011 17:19:02 GMT|Omnomnoms fell into the Void
smellaykelly|||FALL|world_hoth (32.0,85.0,-156.0)|12/27/2011 18:48:41 GMT|smellaykelly took a leap of faith
smellaykelly|Creeper||ENTITY_EXPLOSION|world_hoth (81.0,71.0,-100.0)|12/27/2011 19:18:24 GMT|smellaykelly was creeper bombed
smellaykelly|Skeleton||ENTITY_ATTACK|world_hoth (46.0,74.0,-122.0)|12/27/2011 19:20:07 GMT|smellaykelly was killed by an angry Skeleton
smellaykelly|Zombie||ENTITY_ATTACK|world_hoth (117.0,64.0,-180.0)|12/27/2011 19:21:56 GMT|smellaykelly was killed by an angry Zombie
smellaykelly|Zombie||ENTITY_ATTACK|world_hoth (111.0,63.0,-172.0)|12/27/2011 19:23:59 GMT|smellaykelly was killed by an angry Zombie
smellaykelly|Skeleton||ENTITY_ATTACK|world_hoth (107.0,60.0,-169.0)|12/27/2011 19:24:50 GMT|smellaykelly was killed by an angry Skeleton
smellaykelly|Creeper||ENTITY_EXPLOSION|world_hoth (55.0,64.0,-210.0)|12/27/2011 20:21:04 GMT|smellaykelly was creeper bombed
IProHead|||FALL|world_hoth (-176.0,64.0,-134.0)|12/27/2011 21:06:17 GMT|IProHead took a leap of faith
IProHead|Zombie||ENTITY_ATTACK|world_hoth (-189.0,63.0,-125.0)|12/27/2011 21:07:08 GMT|IProHead was killed by an angry Zombie
smellaykelly|aambss|267x-84|ENTITY_ATTACK|world_hoth (-207.0,64.0,-121.0)|12/27/2011 21:11:00 GMT|aambss killed smellaykelly wielding iron sword
smellaykelly|aambss|267x-77|ENTITY_ATTACK|world_hoth (-223.0,64.0,-473.0)|12/27/2011 21:14:17 GMT|aambss killed smellaykelly wielding iron sword
Hobby203|||SUICIDE|world_hoth (16.0,83.0,-155.0)|12/27/2011 21:23:54 GMT|Hobby203 decided to end it all.
smellaykelly|Zombie||ENTITY_ATTACK|world_hoth (11.0,81.0,-159.0)|12/27/2011 21:26:33 GMT|smellaykelly was killed by an angry Zombie
smellaykelly|aambss|267x-56|ENTITY_ATTACK|world_hoth (31.0,88.0,-161.0)|12/27/2011 21:33:27 GMT|aambss killed smellaykelly wielding iron sword
smellaykelly|||FALL|world_hoth (-238.0,21.0,-131.0)|12/27/2011 22:58:18 GMT|smellaykelly fell to their death
smellaykelly|||FALL|world_hoth (-238.0,21.0,-131.0)|12/27/2011 22:59:47 GMT|smellaykelly took a leap of faith
Trueblue62|||VOID|world_hoth_the_end (109.0,-192.0,-4.0)|12/28/2011 00:16:39 GMT|Trueblue62 fell into the Void
smellaykelly|||FALL|world_hoth (-201.0,64.0,-184.0)|12/28/2011 00:54:49 GMT|smellaykelly fell to their death
aambss|||FALL|world_hoth (-262.0,53.0,-485.0)|12/28/2011 00:58:45 GMT|aambss took a leap of faith
aambss|||FALL|world_hoth (40.0,62.0,-179.0)|12/28/2011 02:33:21 GMT|aambss fell to their death
aambss|||FALL|world_hoth (-169.0,64.0,-141.0)|12/28/2011 02:39:09 GMT|aambss took a leap of faith
DarkLord13|||FALL|world_hoth (-154.0,57.0,-205.0)|12/28/2011 15:18:33 GMT|DarkLord13 fell to their death
DarkLord13|Hobby203|261x5|ENTITY_ATTACK|world_hoth (-146.0,57.0,-202.0)|12/28/2011 15:18:58 GMT|Hobby203 killed DarkLord13 wielding bow & arrow
DarkLord13|PigZombie||ENTITY_ATTACK|world_hoth_nether (-46.0,69.0,-53.0)|12/28/2011 15:24:21 GMT|DarkLord13 was killed by an angry PigZombie
DarkLord13|PigZombie||ENTITY_ATTACK|world_hoth_nether (-18.0,67.0,-34.0)|12/28/2011 15:25:49 GMT|DarkLord13 was killed by an angry PigZombie
DarkLord13|||FALL|world_hoth (-249.0,64.0,-143.0)|12/28/2011 15:54:54 GMT|DarkLord13 took a leap of faith
IProHead|smellaykelly|276x112|ENTITY_ATTACK|world_hoth (34.0,88.0,-164.0)|12/28/2011 16:55:36 GMT|smellaykelly killed IProHead wielding diamond sword
IProHead|smellaykelly|276x115|ENTITY_ATTACK|world_hoth (-191.0,64.0,-160.0)|12/28/2011 16:58:36 GMT|smellaykelly killed IProHead wielding diamond sword
IProHead|smellaykelly|276x118|ENTITY_ATTACK|world_hoth (-203.0,63.0,-195.0)|12/28/2011 16:58:47 GMT|smellaykelly killed IProHead wielding diamond sword
IProHead|smellaykelly|276x121|ENTITY_ATTACK|world_hoth (-203.0,59.0,-192.0)|12/28/2011 16:58:52 GMT|smellaykelly killed IProHead wielding diamond sword
IProHead|smellaykelly|276x124|ENTITY_ATTACK|world_hoth (-203.0,59.0,-192.0)|12/28/2011 16:58:57 GMT|smellaykelly killed IProHead wielding diamond sword
IProHead|smellaykelly|276x127|ENTITY_ATTACK|world_hoth (-202.0,60.0,-191.0)|12/28/2011 16:59:00 GMT|smellaykelly killed IProHead wielding diamond sword
IProHead|smellaykelly|276x-126|ENTITY_ATTACK|world_hoth (-204.0,59.0,-189.0)|12/28/2011 16:59:08 GMT|smellaykelly killed IProHead wielding diamond sword
smellaykelly|IProHead|0x-1|ENTITY_ATTACK|world_hoth (-205.0,60.0,-187.0)|12/28/2011 16:59:14 GMT|IProHead killed smellaykelly wielding fists
IProHead|||FALL|world_hoth (-801.0,66.0,-402.0)|12/28/2011 17:00:36 GMT|IProHead fell to their death
DarkLord13|||FALL|world_hoth (-753.0,83.0,-387.0)|12/28/2011 17:00:59 GMT|DarkLord13 fell to their death
DarkLord13|||FALL|world_hoth (-756.0,67.0,-406.0)|12/28/2011 17:03:56 GMT|DarkLord13 took a leap of faith
smellaykelly|||DROWNING|world_hoth (34.0,52.0,-187.0)|12/28/2011 17:28:28 GMT|smellaykelly drowned
smellaykelly|||DROWNING|world_hoth (33.0,47.0,-193.0)|12/28/2011 17:29:16 GMT|smellaykelly drowned
IProHead|||FALL|world_hoth (-62.0,68.0,-381.0)|12/28/2011 17:41:16 GMT|IProHead took a leap of faith
IProHead|||FALL|world_hoth (-203.0,59.0,-191.0)|12/28/2011 17:42:49 GMT|IProHead took a leap of faith
IProHead|smellaykelly|276x2|ENTITY_ATTACK|world_hoth (-204.0,70.0,-196.0)|12/28/2011 17:43:12 GMT|smellaykelly killed IProHead wielding diamond sword
IProHead|smellaykelly|276x5|ENTITY_ATTACK|world_hoth (-206.0,60.0,-196.0)|12/28/2011 17:43:26 GMT|smellaykelly killed IProHead wielding diamond sword
smellaykelly|||FIRE_TICK|world_hoth (-204.0,59.0,-196.0)|12/28/2011 17:46:04 GMT|smellaykelly burned to death
smellaykelly|||DROWNING|world_hoth (-171.0,25.0,-227.0)|12/28/2011 18:01:04 GMT|smellaykelly drowned
smellaykelly|||VOID|world_hoth (-170.0,-180.0,-225.0)|12/28/2011 18:11:28 GMT|smellaykelly fell into the Void
smellaykelly|Silverfish||ENTITY_ATTACK|world_hoth (-211.0,64.0,-173.0)|12/28/2011 18:17:10 GMT|smellaykelly was killed by an angry Silverfish
hampster900|||SUICIDE|world_hoth (170.0,63.0,-191.0)|12/28/2011 19:15:03 GMT|hampster900 committed suicide.
hampster900|||LAVA|world_hoth (-212.0,53.0,-258.0)|12/28/2011 19:15:56 GMT|hampster900 was killed by lava
smellaykelly|aambss|276x87|ENTITY_ATTACK|world_hoth (173.0,63.0,-194.0)|12/28/2011 19:25:49 GMT|aambss killed smellaykelly wielding diamond sword
IProHead|||FALL|world_hoth (-146.0,21.0,-180.0)|12/28/2011 21:16:28 GMT|IProHead took a leap of faith
IProHead|Creeper||ENTITY_EXPLOSION|world_hoth (-255.0,64.0,-166.0)|12/28/2011 21:17:17 GMT|IProHead hugged a creeper
smellaykelly|Creeper||ENTITY_EXPLOSION|world_hoth (-209.0,54.0,-168.0)|12/29/2011 01:42:55 GMT|smellaykelly hugged a creeper
