#HeroicDeath Message Log - This file stores player death messages as reported to the server
[10/21/2011 17:00:42 BST] Hobby203 fell to their death
[10/21/2011 20:19:08 BST] bmpullano was killed by lava
[10/21/2011 23:10:20 BST] th3ant burned to death
[10/21/2011 23:38:34 BST] RadonGaming took a leap of faith
[10/21/2011 23:39:05 BST] RadonGaming fell to their death
[10/21/2011 23:49:02 BST] Hobby203 killed RadonGaming wielding diamond sword
[10/21/2011 23:50:45 BST] Hobby203 killed RadonGaming wielding diamond sword
[10/22/2011 12:26:35 BST] Abrahamarmite committed suicide.
[10/23/2011 19:28:25 BST] nicfaces fell into the Gap
[10/24/2011 17:21:28 BST] Hobby203 fell to their death
[10/24/2011 20:47:23 BST] Abrahamarmite fell into the Gap
[10/25/2011 16:54:06 BST] Hobby203 killed Abrahamarmite wielding redstone torch
[10/25/2011 16:54:44 BST] Abrahamarmite was killed by lava
[10/25/2011 16:55:03 BST] Abrahamarmite burned to death
[10/25/2011 16:55:34 BST] Abrahamarmite took a leap of faith
[10/25/2011 16:56:24 BST] Abrahamarmite took a long walk off a short pier
[10/25/2011 16:57:27 BST] Abrahamarmite suffocated
[10/25/2011 17:15:28 BST] Abrahamarmite hugged a creeper
[10/25/2011 17:19:15 BST] Abrahamarmite took a leap of faith
[10/25/2011 17:20:29 BST] Abrahamarmite burned to death
[10/25/2011 17:22:57 BST] Abrahamarmite suffocated
[10/25/2011 17:27:05 BST] Abrahamarmite was killed by an angry Enderman
[10/25/2011 17:28:04 BST] Abrahamarmite suffocated
[10/25/2011 17:30:17 BST] Abrahamarmite forgot how to stop, drop and roll
[10/25/2011 17:30:31 BST] Abrahamarmite burned to death
[10/26/2011 13:26:54 BST] Hobby203 fell to their death
[10/26/2011 22:43:18 BST] th3ant exploded
[10/26/2011 22:44:31 BST] Hobby203 exploded
[10/26/2011 22:50:43 BST] th3ant took a leap of faith
[10/27/2011 17:52:36 BST] th3ant was killed by an angry Zombie
[10/27/2011 19:09:43 BST] Hobby203 took a leap of faith
[10/27/2011 20:57:48 BST] Abrahamarmite fell to their death
[10/27/2011 21:42:01 BST] th3ant was killed by an angry Zombie
[10/27/2011 21:48:56 BST] th3ant was killed by an angry Zombie
[10/28/2011 13:10:31 BST] Hobby203 was killed by an angry Zombie
[10/29/2011 17:14:58 BST] Omnomnoms committed suicide.
[10/30/2011 19:29:22 GMT] th3ant took a leap of faith
[10/30/2011 19:43:39 GMT] th3ant fell into the Gap
[10/31/2011 18:40:03 GMT] hampster900 committed suicide.
[11/01/2011 17:24:13 GMT] Abrahamarmite was killed by lava
[11/01/2011 17:25:33 GMT] Abrahamarmite drowned
[11/01/2011 20:08:44 GMT] Jamandbread took a leap of faith
[11/02/2011 17:22:01 GMT] Hobby203 fell to their death
[11/02/2011 21:04:18 GMT] hampster900 fell to their death
[11/03/2011 17:39:03 GMT] Abrahamarmite forgot how to stop, drop and roll
[11/03/2011 17:39:14 GMT] Abrahamarmite took a leap of faith
[11/03/2011 17:50:13 GMT] Abrahamarmite fell to their death
[11/03/2011 17:51:02 GMT] hampster900 fell to their death
[11/04/2011 17:29:16 GMT] Omnomnoms took a bath in a lake of fire
[11/04/2011 20:34:34 GMT] Hobby203 killed Abrahamarmite wielding gold sword
[11/04/2011 20:35:13 GMT] Abrahamarmite fell to their death
[11/04/2011 20:35:44 GMT] Hobby203 killed Abrahamarmite wielding gold sword
[11/04/2011 20:36:50 GMT] Hobby203 took a leap of faith
[11/04/2011 20:37:35 GMT] Abrahamarmite killed Hobby203 wielding wood door
[11/04/2011 20:39:34 GMT] Hobby203 killed Abrahamarmite wielding saddle
[11/04/2011 20:40:22 GMT] Hobby203 took a leap of faith
[11/04/2011 20:41:47 GMT] Abrahamarmite killed Hobby203 wielding iron hoe
[11/04/2011 20:42:59 GMT] Hobby203 killed Abrahamarmite wielding yellow flower
[11/04/2011 22:28:42 GMT] mike hugged a creeper
[11/04/2011 21:31:42 GMT] mike drowned
[11/04/2011 21:38:54 GMT] mike committed suicide.
[11/04/2011 21:39:01 GMT] mike committed suicide.
[11/04/2011 21:46:57 GMT] Trueblue62 took a bath in a lake of fire
[11/04/2011 22:55:41 GMT] Abrahamarmite killed hampster900 wielding hidden silverfish stone block
[11/05/2011 15:12:21 GMT] Hobby203 killed th3ant wielding grass
[11/05/2011 15:23:54 GMT] Hobby203 killed Abrahamarmite wielding diamond sword
[11/05/2011 15:24:30 GMT] Hobby203 killed Abrahamarmite wielding diamond sword
[11/05/2011 15:24:56 GMT] Abrahamarmite killed Hobby203 wielding cooked fish
[11/05/2011 15:26:07 GMT] Hobby203 killed Abrahamarmite wielding stone plate
[11/05/2011 15:26:38 GMT] Abrahamarmite killed Hobby203 wielding diamond sword
[11/05/2011 15:27:36 GMT] Abrahamarmite killed Hobby203 wielding gold pants
[11/05/2011 15:28:40 GMT] Hobby203 killed Abrahamarmite wielding painting
[11/05/2011 15:29:58 GMT] Abrahamarmite killed Hobby203 wielding stone plate
[11/05/2011 15:30:40 GMT] Hobby203 killed Abrahamarmite wielding fists
[11/05/2011 15:33:17 GMT] Abrahamarmite killed Hobby203 wielding storage minecart
[11/05/2011 15:34:44 GMT] Hobby203 killed Abrahamarmite wielding snowball
[11/05/2011 15:35:38 GMT] Abrahamarmite killed Hobby203 wielding brick
[11/05/2011 15:39:31 GMT] Abrahamarmite apparently has an explosive personality
[11/05/2011 15:41:22 GMT] Abrahamarmite fell into the Gap
[11/05/2011 15:41:49 GMT] Abrahamarmite fell into the Gap
[11/05/2011 15:42:51 GMT] Hobby203 forgot how to stop, drop and roll
[11/05/2011 16:06:26 GMT] Abrahamarmite killed Hobby203 wielding diamond sword
[11/05/2011 16:09:04 GMT] Hobby203 killed Abrahamarmite wielding wood door
[11/05/2011 16:10:56 GMT] Abrahamarmite killed Omnomnoms wielding stone button
[11/05/2011 16:11:39 GMT] Omnomnoms killed Abrahamarmite wielding diamond
[11/06/2011 13:45:35 GMT] Omnomnoms killed SirTravjm wielding diamond sword
[11/06/2011 14:05:08 GMT] SirTravjm killed chazalaa98 wielding stone sword
[11/06/2011 14:16:36 GMT] rogues0ldier was killed by an angry Zombie
[11/06/2011 14:26:45 GMT] rogues0ldier suffocated
[11/06/2011 14:37:44 GMT] SirTravjm suffocated
[11/06/2011 14:39:00 GMT] rogues0ldier was killed by an angry Zombie
[11/06/2011 14:40:22 GMT] SirTravjm killed rogues0ldier wielding rotten flesh
[11/06/2011 14:41:44 GMT] rogues0ldier killed SirTravjm wielding seeds
[11/06/2011 14:54:04 GMT] SirTravjm was killed by an angry Zombie
[11/06/2011 14:58:29 GMT] SirTravjm was killed by an angry Zombie
[11/06/2011 14:59:40 GMT] rogues0ldier was killed by an angry Skeleton
[11/06/2011 15:13:35 GMT] SirTravjm was killed by an angry Skeleton
[11/06/2011 16:15:09 GMT] rogues0ldier was killed by an angry Zombie
[11/06/2011 16:31:03 GMT] hampster900 killed Bangalor wielding diamond sword
[11/06/2011 17:15:46 GMT] rogues0ldier was killed by an angry Spider
[11/06/2011 17:40:00 GMT] rogues0ldier was killed by an angry Spider
[11/06/2011 18:55:52 GMT] SirPrestonII fell to their death
[11/06/2011 19:19:20 GMT] HoneyMonsterAdz was creeper bombed
[11/06/2011 19:45:07 GMT] HoneyMonsterAdz was killed by an angry Skeleton
[11/06/2011 19:54:51 GMT] HoneyMonsterAdz was creeper bombed
[11/06/2011 20:25:39 GMT] th3ant killed HoneyMonsterAdz wielding diamond sword
[11/06/2011 20:37:26 GMT] twinskimmer was creeper bombed
[11/06/2011 20:55:27 GMT] rogues0ldier hugged a creeper
[11/06/2011 21:02:25 GMT] Hobby203 killed hampster900 wielding diamond hoe
[11/06/2011 22:15:21 GMT] camrocks17 was creeper bombed
[11/06/2011 22:17:18 GMT] camrocks17 was creeper bombed
[11/07/2011 00:51:03 GMT] lord_zanziba fell to their death
[11/07/2011 15:23:22 GMT] Bangalor took a leap of faith
[11/07/2011 15:52:32 GMT] Bangalor took a leap of faith
[11/07/2011 16:09:21 GMT] Bangalor burned to death
[11/07/2011 17:12:48 GMT] Bangalor was killed by an angry Spider
[11/07/2011 17:29:27 GMT] RadonGaming was killed by an angry Skeleton
[11/07/2011 17:30:34 GMT] Bangalor was killed by an angry Spider
[11/07/2011 18:18:41 GMT] mb8909 was creeper bombed
[11/07/2011 18:28:38 GMT] hampster900 suffocated
[11/07/2011 18:31:29 GMT] Omnomnoms took a long walk off a short pier
[11/07/2011 18:32:49 GMT] HoneyMonsterAdz was killed by lava
[11/07/2011 18:35:23 GMT] Omnomnoms burned to death
[11/07/2011 18:48:44 GMT] Omnomnoms burned to death
[11/07/2011 18:50:12 GMT] Omnomnoms was killed by lava
[11/07/2011 18:58:30 GMT] Twoshrubs was creeper bombed
[11/07/2011 20:05:05 GMT] Twoshrubs is swimming with the fishes
[11/07/2011 23:39:49 GMT] faithert was killed by an angry Zombie
[11/08/2011 02:50:10 GMT] faithert fell to their death
[11/08/2011 22:46:05 GMT] twinskimmer took a leap of faith
[11/09/2011 03:22:15 GMT] faithert took a leap of faith
[11/09/2011 17:28:23 GMT] twinskimmer suffocated
[11/09/2011 17:31:46 GMT] twinskimmer suffocated
[11/09/2011 17:34:40 GMT] havz0r forgot how to stop, drop and roll
[11/09/2011 17:36:04 GMT] havz0r burned to death
[11/09/2011 18:54:48 GMT] twinskimmer hugged a creeper
[11/09/2011 19:09:46 GMT] twinskimmer burned to death
[11/09/2011 19:16:06 GMT] twinskimmer forgot how to stop, drop and roll
[11/09/2011 19:24:06 GMT] twinskimmer burned to death
[11/09/2011 20:05:10 GMT] Twoshrubs died
[11/09/2011 22:23:51 GMT] SirTravjm was creeper bombed
[11/09/2011 22:29:52 GMT] Twoshrubs hugged a creeper
[11/09/2011 22:47:51 GMT] faithert was killed by an angry Skeleton
[11/09/2011 22:48:34 GMT] faithert hugged a creeper
[11/09/2011 23:02:01 GMT] faithert was killed by an angry Zombie
[11/09/2011 23:03:12 GMT] faithert was killed by an angry Zombie
[11/11/2011 17:42:43 GMT] Bangalor was killed by an angry Skeleton
[11/12/2011 09:28:13 GMT] proatwork was killed by an angry Skeleton
[11/12/2011 18:11:35 GMT] 8Doogie was killed by an angry Zombie
[11/12/2011 19:12:44 GMT] BlackFireTech was killed by an angry Zombie
[11/12/2011 19:12:51 GMT] BlackFireTech hugged a creeper
[11/12/2011 19:31:58 GMT] HoneyMonsterAdz fell to their death
[11/12/2011 19:47:53 GMT] AraSyn took a leap of faith
[11/12/2011 21:53:52 GMT] AraSyn hugged a creeper
[11/12/2011 22:15:28 GMT] AraSyn took a leap of faith
[11/13/2011 19:54:34 GMT] hornymonkey100 forgot how to stop, drop and roll
[11/13/2011 20:04:42 GMT] 8Doogie was killed by an angry Skeleton
[11/13/2011 20:07:38 GMT] hornymonkey100 hugged a creeper
[11/13/2011 20:24:02 GMT] 8Doogie was killed by an angry Zombie
[11/13/2011 20:28:57 GMT] 8Doogie hugged a creeper
[11/13/2011 20:43:35 GMT] hornymonkey100 hugged a creeper
[11/13/2011 20:59:21 GMT] proatwork fell into the Gap
[11/13/2011 20:59:53 GMT] proatwork fell into the Gap
[11/13/2011 21:01:32 GMT] proatwork fell into the Void
[11/13/2011 21:01:33 GMT] Abrahamarmite fell into the Void
[11/13/2011 21:09:08 GMT] faithert hugged a creeper
[11/13/2011 21:27:44 GMT] proatwork was creeper bombed
[11/13/2011 21:29:51 GMT] 8Doogie hugged a creeper
[11/13/2011 21:35:17 GMT] 8Doogie apparently has an explosive personality
[11/13/2011 21:35:58 GMT] th3ant exploded
[11/13/2011 21:37:15 GMT] 8Doogie took a leap of faith
[11/13/2011 21:37:26 GMT] th3ant took a leap of faith
[11/13/2011 21:39:46 GMT] Hobby203 took a bath in a lake of fire
[11/13/2011 21:40:53 GMT] 8Doogie took a bath in a lake of fire
[11/13/2011 21:40:54 GMT] proatwork burned to death
[11/13/2011 21:45:56 GMT] 8Doogie fell to their death
[11/13/2011 21:45:58 GMT] Abrahamarmite took a leap of faith
[11/13/2011 21:46:05 GMT] Hobby203 fell to their death
[11/13/2011 21:46:42 GMT] 8Doogie was creeper bombed
[11/13/2011 21:47:16 GMT] Abrahamarmite forgot how to stop, drop and roll
[11/13/2011 22:08:05 GMT] proatwork hugged a creeper
[11/13/2011 22:18:13 GMT] 8Doogie took a leap of faith
[11/13/2011 22:33:44 GMT] proatwork fell to their death
[11/13/2011 22:34:22 GMT] proatwork took a leap of faith
[11/13/2011 22:37:36 GMT] proatwork took a leap of faith
[11/13/2011 22:39:29 GMT] proatwork took a leap of faith
[11/14/2011 00:04:12 GMT] proatwork hugged a creeper
[11/14/2011 16:47:01 GMT] hornymonkey100 fell to their death
[11/14/2011 17:02:17 GMT] Hobby203 became obsidian
[11/14/2011 18:28:32 GMT] hornymonkey100 took a leap of faith
[11/14/2011 20:31:00 GMT] Hobby203 became obsidian
[11/14/2011 20:57:50 GMT] proatwork was creeper bombed
[11/14/2011 21:20:55 GMT] th3ant was killed by an angry Zombie
[11/14/2011 21:27:01 GMT] th3ant hugged a creeper
[11/14/2011 21:35:32 GMT] Abrahamarmite was killed by lava
[11/14/2011 21:52:34 GMT] Hobby203 was killed by lava
[11/15/2011 20:10:48 GMT] hornymonkey100 fell to their death
[11/15/2011 20:28:32 GMT] hornymonkey100 hugged a creeper
[11/15/2011 20:46:58 GMT] hornymonkey100 was killed by an angry Spider
[11/15/2011 20:54:43 GMT] hornymonkey100 fell to their death
[11/15/2011 21:15:16 GMT] th3ant hugged a creeper
[11/16/2011 17:24:04 GMT] th3ant committed suicide.
[11/16/2011 20:12:47 GMT] th3ant was creeper bombed
[11/16/2011 21:08:15 GMT] th3ant committed suicide.
[11/17/2011 21:37:03 GMT] 8Doogie was killed by an angry Skeleton
[11/17/2011 21:47:32 GMT] th3ant was creeper bombed
[11/18/2011 16:54:35 GMT] th3ant suffocated
[11/18/2011 16:57:22 GMT] th3ant hugged a creeper
[11/18/2011 17:02:41 GMT] th3ant was killed by an angry Skeleton
[11/18/2011 17:09:04 GMT] Hobby203 decided to end it all.
[11/18/2011 18:55:10 GMT] JamzeeBoii was killed by an angry Zombie
[11/20/2011 12:29:37 GMT] Hobby203 burned to death
[11/20/2011 12:38:33 GMT] Hobby203 took a bath in a lake of fire
[11/20/2011 12:39:02 GMT] Hobby203 became obsidian
[11/20/2011 15:02:03 GMT] Hobby203 fell into the Void
[11/20/2011 17:52:18 GMT] th3ant burned to death
[11/20/2011 19:52:54 GMT] JamzeeBoii took a leap of faith
[11/20/2011 19:54:24 GMT] JamzeeBoii was killed by an angry Skeleton
[11/20/2011 20:17:32 GMT] matt1217 was killed by an angry Spider
[11/20/2011 20:50:32 GMT] th3ant forgot how to stop, drop and roll
[11/20/2011 20:53:27 GMT] th3ant took a bath in a lake of fire
[11/20/2011 21:12:13 GMT] th3ant took a leap of faith
[11/20/2011 21:14:03 GMT] matt1217 is swimming with the fishes
[11/20/2011 21:27:37 GMT] matt1217 burned to death
[11/20/2011 22:03:06 GMT] matt1217 was killed by an angry Skeleton
[11/20/2011 22:18:35 GMT] matt1217 took a leap of faith
[11/20/2011 22:19:27 GMT] matt1217 was killed by an angry Zombie
[11/20/2011 22:23:54 GMT] matt1217 drowned
[11/21/2011 18:50:19 GMT] JamzeeBoii took a leap of faith
[11/21/2011 19:54:14 GMT] th3ant was killed by an angry Zombie
[11/21/2011 19:55:30 GMT] th3ant was killed by an angry Zombie
[11/21/2011 20:31:32 GMT] Trueblue62 fell into the Void
[11/21/2011 21:01:18 GMT] matt1217 was killed by an angry Spider
[11/21/2011 21:34:11 GMT] matt1217 took a long walk off a short pier
[11/21/2011 21:34:57 GMT] JamzeeBoii drowned
[11/22/2011 16:54:05 GMT] Trueblue62 fell into the Void
[11/22/2011 18:57:20 GMT] Hobby203 took a leap of faith
[11/22/2011 20:36:57 GMT] Trueblue62 fell into the Void
[11/22/2011 20:37:09 GMT] Abrahamarmite fell into the Void
[11/22/2011 20:40:08 GMT] Omnomnoms fell into the Void
[11/22/2011 20:40:20 GMT] Abrahamarmite fell into the Void
[11/23/2011 16:35:24 GMT] Hobby203 took a bath in a lake of fire
[11/23/2011 20:39:30 GMT] Hansomesolo committed suicide.
[11/23/2011 20:54:06 GMT] Hansomesolo drowned
[11/23/2011 21:04:02 GMT] Hansomesolo hugged a creeper
[11/25/2011 21:42:28 GMT] Omnomnoms fell into the Void
[11/25/2011 22:56:45 GMT] hampster900 fell into the Void
[11/25/2011 22:57:21 GMT] hampster900 fell into the Void
[11/26/2011 16:09:06 GMT] Hobby203 took a bath in a lake of fire
[11/26/2011 17:22:53 GMT] Omnomnoms fell into the Void
[11/26/2011 17:42:33 GMT] hampster900 was killed by lava
[11/26/2011 17:42:51 GMT] hampster900 was killed by lava
[11/26/2011 17:43:09 GMT] hampster900 became obsidian
[11/26/2011 17:44:21 GMT] hampster900 burned to death
[11/26/2011 17:46:04 GMT] hampster900 took a bath in a lake of fire
[11/26/2011 17:46:23 GMT] hampster900 became obsidian
[11/27/2011 10:41:32 GMT] Omnomnoms fell into the Void
[11/27/2011 16:42:38 GMT] Hobby203 was killed by an angry Zombie
[11/27/2011 21:03:51 GMT] Omnomnoms fell into the Void
[11/27/2011 21:03:54 GMT] Trueblue62 fell into the Void
[11/28/2011 20:35:49 GMT] JamzeeBoii took a leap of faith
[11/28/2011 20:43:32 GMT] Omnomnoms took a long walk off a short pier
[11/28/2011 20:51:06 GMT] Omnomnoms killed BeanMachine234 wielding gold sword
[11/28/2011 20:52:41 GMT] Omnomnoms took a leap of faith
[11/28/2011 21:17:06 GMT] leon1236 took a leap of faith
[11/28/2011 21:22:11 GMT] leon1236 decided to end it all.
[11/28/2011 21:37:44 GMT] leon1236 fell to their death
[11/28/2011 21:47:38 GMT] leon1236 took a leap of faith
[11/29/2011 12:38:51 GMT] BeanMachine234 took a bath in a lake of fire
[11/29/2011 16:17:20 GMT] RadonGaming fell into the Void
[11/29/2011 16:54:04 GMT] leon1236 hugged a creeper
[11/29/2011 21:29:17 GMT] Hobby203 committed suicide.
[11/29/2011 21:36:35 GMT] th3ant took a leap of faith
[11/30/2011 14:10:24 GMT] RadonGaming fell into the Void
[11/30/2011 17:17:12 GMT] Hobby203 committed suicide.
[11/30/2011 17:23:49 GMT] Omnomnoms killed Abrahamarmite wielding diamond sword
[11/30/2011 17:30:54 GMT] Omnomnoms fell to their death
[11/30/2011 17:31:50 GMT] Omnomnoms was killed by lava
[11/30/2011 17:31:57 GMT] Abrahamarmite took a bath in a lake of fire
[11/30/2011 20:18:46 GMT] JamzeeBoii fell to their death
[11/30/2011 20:59:21 GMT] Hobby203 killed Omnomnoms wielding bone
[11/30/2011 21:59:03 GMT] leon1236 was creeper bombed
[11/30/2011 22:21:10 GMT] leon1236 killed JamzeeBoii wielding iron sword
[12/01/2011 19:42:25 GMT] Hobby203 fell to their death
[12/01/2011 20:58:05 GMT] JamzeeBoii fell to their death
[12/02/2011 20:18:52 GMT] leon1236 was killed by an angry PigZombie
[12/03/2011 15:43:22 GMT] Hobby203 killed Trueblue62 wielding diamond sword
[12/03/2011 15:44:28 GMT] Hobby203 killed Trueblue62 wielding diamond sword
[12/03/2011 15:45:12 GMT] Hobby203 killed Trueblue62 wielding diamond sword
[12/03/2011 15:46:30 GMT] Hobby203 decided to end it all.
[12/03/2011 15:56:14 GMT] Hobby203 killed Trueblue62 wielding diamond sword
[12/03/2011 15:57:31 GMT] Hobby203 killed Trueblue62 wielding diamond sword
[12/03/2011 17:45:22 GMT] aambss fell to their death
[12/03/2011 23:23:48 GMT] aambss killed smellaykelly wielding stone pickaxe
[12/04/2011 12:20:57 GMT] Hobby203 was killed by an angry Zombie
[12/04/2011 14:36:31 GMT] Hobby203 committed suicide.
[12/04/2011 15:45:01 GMT] BeanMachine234 took a leap of faith
[12/04/2011 15:46:15 GMT] BeanMachine234 fell to their death
[12/04/2011 15:46:48 GMT] akextra took a leap of faith
[12/04/2011 15:53:37 GMT] BeanMachine234 was killed by an angry Zombie
[12/04/2011 16:36:44 GMT] BeanMachine234 is swimming with the fishes
[12/04/2011 16:57:07 GMT] akextra took a leap of faith
[12/04/2011 17:05:17 GMT] smellaykelly was killed by an angry Zombie
[12/04/2011 18:59:44 GMT] akextra was killed by an angry Spider
[12/04/2011 19:31:18 GMT] akextra fell to their death
[12/04/2011 19:45:56 GMT] akextra took a leap of faith
[12/04/2011 20:00:47 GMT] leon1236 fell into the Void
[12/04/2011 20:07:03 GMT] akextra was killed by an angry Spider
[12/04/2011 20:12:51 GMT] leon1236 fell into the Void
[12/04/2011 20:18:35 GMT] akextra fell to their death
[12/04/2011 20:57:56 GMT] Hobby203 killed akextra wielding diamond sword
[12/04/2011 21:02:23 GMT] akextra was killed by an angry Skeleton
[12/04/2011 22:13:12 GMT] proatwork suffocated
[12/04/2011 22:51:06 GMT] aambss was creeper bombed
[12/04/2011 23:17:42 GMT] proatwork took a leap of faith
[12/04/2011 23:47:46 GMT] proatwork took a leap of faith
[12/05/2011 00:29:33 GMT] proatwork forgot how to stop, drop and roll
[12/05/2011 17:08:44 GMT] akextra fell to their death
[12/05/2011 17:40:08 GMT] akextra took a leap of faith
[12/05/2011 17:51:58 GMT] akextra took a leap of faith
[12/05/2011 18:19:02 GMT] akextra suffocated
[12/06/2011 17:20:36 GMT] akextra took a long walk off a short pier
[12/06/2011 17:34:32 GMT] akextra drowned
[12/06/2011 18:38:50 GMT] aambss drowned
[12/06/2011 19:35:48 GMT] Hobby203 committed suicide.
[12/06/2011 21:40:53 GMT] akextra took a leap of faith
[12/06/2011 22:08:56 GMT] Abrahamarmite took a bath in a lake of fire
[12/06/2011 22:09:01 GMT] Abrahamarmite was killed by lava
[12/06/2011 22:09:06 GMT] Abrahamarmite became obsidian
[12/06/2011 22:09:19 GMT] Abrahamarmite took a bath in a lake of fire
[12/06/2011 22:09:19 GMT] Omnomnoms took a bath in a lake of fire
[12/07/2011 17:10:16 GMT] L337Mods killed akextra wielding cobblestone
[12/07/2011 17:27:46 GMT] akextra became obsidian
[12/07/2011 17:28:11 GMT] akextra became obsidian
[12/07/2011 17:28:42 GMT] akextra took a leap of faith
[12/07/2011 17:29:11 GMT] akextra took a leap of faith
[12/07/2011 17:29:42 GMT] akextra fell to their death
[12/07/2011 17:35:02 GMT] Hobby203 killed akextra wielding diamond sword
[12/07/2011 20:16:22 GMT] Hobby203 committed suicide.
[12/08/2011 15:45:20 GMT] akextra took a leap of faith
[12/08/2011 18:26:30 GMT] deadly_migit took a leap of faith
[12/08/2011 23:53:49 GMT] AraSyn was killed by an angry Spider
[12/09/2011 16:49:24 GMT] Hobby203 committed suicide.
[12/09/2011 16:51:30 GMT] Hobby203 committed suicide.
[12/09/2011 21:00:21 GMT] Hobby203 committed suicide.
[12/09/2011 21:58:58 GMT] Hobby203 decided to end it all.
[12/09/2011 22:06:29 GMT] Omnomnoms was killed by lava
[12/09/2011 22:08:02 GMT] Hobby203 killed Omnomnoms wielding diamond sword
[12/09/2011 22:22:05 GMT] Hobby203 killed Omnomnoms wielding diamond sword
[12/10/2011 08:15:50 GMT] akextra took a leap of faith
[12/10/2011 18:02:20 GMT] akextra was killed by an angry Zombie
[12/10/2011 18:02:59 GMT] akextra fell to their death
[12/10/2011 21:20:58 GMT] akextra forgot how to stop, drop and roll
[12/10/2011 21:25:20 GMT] akextra took a leap of faith
[12/10/2011 21:27:46 GMT] aambss killed akextra wielding stone pickaxe
[12/10/2011 21:31:58 GMT] smellaykelly killed akextra wielding dirt
[12/10/2011 21:32:34 GMT] aambss killed smellaykelly wielding stone pickaxe
[12/10/2011 21:35:58 GMT] akextra took a long walk off a short pier
[12/10/2011 21:42:24 GMT] aambss killed smellaykelly wielding stone pickaxe
[12/10/2011 21:43:22 GMT] aambss killed smellaykelly wielding stone pickaxe
[12/10/2011 21:59:48 GMT] akextra killed aambss wielding iron sword
[12/10/2011 22:07:48 GMT] akextra took a leap of faith
[12/10/2011 22:08:17 GMT] aambss killed akextra wielding stone pickaxe
[12/10/2011 22:38:29 GMT] aambss was creeper bombed
[12/11/2011 02:24:46 GMT] smellaykelly hugged a creeper
[12/11/2011 02:28:30 GMT] smellaykelly burned to death
[12/11/2011 11:42:24 GMT] smellaykelly hugged a creeper
[12/11/2011 11:43:13 GMT] smellaykelly was killed by an angry Skeleton
[12/11/2011 11:43:55 GMT] smellaykelly was killed by an angry Zombie
[12/11/2011 11:44:54 GMT] smellaykelly was killed by an angry Spider
[12/11/2011 11:45:23 GMT] aambss was killed by an angry Spider
[12/11/2011 14:07:21 GMT] smellaykelly fell into the Void
[12/11/2011 14:25:09 GMT] Hobby203 killed smellaykelly wielding wooden shovel
[12/11/2011 14:25:38 GMT] smellaykelly killed Hobby203 wielding fists
[12/11/2011 16:53:22 GMT] L337Mods fell into the Void
[12/11/2011 20:50:06 GMT] akextra took a leap of faith
[12/12/2011 17:23:36 GMT] Hobby203 decided to end it all.
[12/12/2011 17:28:06 GMT] L337Mods committed suicide.
[12/12/2011 17:44:56 GMT] IProHead was killed by an angry Zombie
[12/12/2011 18:27:30 GMT] IProHead was killed by an angry Skeleton
[12/12/2011 18:48:31 GMT] IProHead was creeper bombed
[12/12/2011 18:50:44 GMT] IProHead was killed by an angry Spider
[12/12/2011 19:05:56 GMT] IProHead was killed by an angry Spider
[12/12/2011 19:06:38 GMT] IProHead was creeper bombed
[12/12/2011 19:06:55 GMT] IProHead was creeper bombed
[12/12/2011 19:39:07 GMT] IProHead was creeper bombed
[12/12/2011 19:40:22 GMT] IProHead was creeper bombed
[12/12/2011 19:46:08 GMT] IProHead fell to their death
[12/12/2011 19:48:52 GMT] IProHead fell to their death
[12/12/2011 19:51:05 GMT] IProHead decided to end it all.
[12/12/2011 19:57:04 GMT] IProHead killed th3ant wielding fists
[12/12/2011 19:59:04 GMT] IProHead killed th3ant wielding fists
[12/12/2011 20:06:52 GMT] IProHead took a leap of faith
[12/12/2011 20:14:54 GMT] th3ant took a leap of faith
[12/12/2011 20:43:42 GMT] BeanMachine234 hugged a creeper
[12/12/2011 21:36:27 GMT] Zowcor was creeper bombed
[12/12/2011 22:06:43 GMT] MoTToMaDDness was creeper bombed
[12/12/2011 22:41:35 GMT] MoTToMaDDness was killed by an angry Enderman
[12/12/2011 22:45:07 GMT] Hobby203 committed suicide.
[12/12/2011 22:45:48 GMT] MoTToMaDDness is swimming with the fishes
[12/13/2011 16:21:42 GMT] akextra was killed by an angry Zombie
[12/13/2011 18:13:48 GMT] IProHead hugged a creeper
[12/13/2011 18:40:25 GMT] IProHead hugged a creeper
[12/13/2011 18:59:08 GMT] IProHead was killed by an angry Enderman
[12/13/2011 22:04:54 GMT] camrocks17 burned to death
[12/13/2011 22:16:24 GMT] camrocks17 was killed by an angry PigZombie
[12/13/2011 22:17:30 GMT] camrocks17 was killed by an angry PigZombie
[12/13/2011 22:24:17 GMT] camrocks17 took a bath in a lake of fire
[12/13/2011 22:35:38 GMT] camrocks17 took a long walk off a short pier
[12/14/2011 18:35:29 GMT] th3ant took a leap of faith
[12/14/2011 19:22:00 GMT] BeanMachine234 drowned
[12/14/2011 19:35:50 GMT] IProHead was creeper bombed
[12/14/2011 21:21:00 GMT] akextra took a leap of faith
[12/14/2011 21:22:21 GMT] akextra was killed by an angry Zombie
[12/14/2011 21:59:40 GMT] mgp_kid hugged a creeper
[12/15/2011 16:44:22 GMT] IProHead was killed by an angry Skeleton
[12/15/2011 16:45:37 GMT] IProHead was killed by an angry Enderman
[12/15/2011 16:59:54 GMT] IProHead was creeper bombed
[12/15/2011 17:30:13 GMT] mgp_kid hugged a creeper
[12/15/2011 17:48:10 GMT] smellaykelly hugged a creeper
[12/15/2011 20:43:50 GMT] IProHead hugged a creeper
[12/15/2011 21:28:49 GMT] aambss was killed by an angry Zombie
[12/15/2011 21:29:01 GMT] mgp_kid was killed by an angry Spider
[12/15/2011 21:44:17 GMT] akextra was killed by an angry Skeleton
[12/15/2011 21:50:43 GMT] th3ant hugged a creeper
[12/15/2011 21:51:02 GMT] th3ant fell to their death
[12/16/2011 11:36:50 GMT] akextra hugged a creeper
[12/16/2011 12:27:23 GMT] smellaykelly was creeper bombed
[12/16/2011 12:38:21 GMT] akextra was killed by an angry Zombie
[12/16/2011 12:57:05 GMT] akextra was killed by an angry Enderman
[12/16/2011 13:02:28 GMT] akextra fell to their death
[12/16/2011 13:21:38 GMT] akextra was killed by an angry Skeleton
[12/16/2011 14:40:50 GMT] th3ant took a leap of faith
[12/16/2011 16:19:12 GMT] th3ant took a leap of faith
[12/16/2011 16:36:36 GMT] akextra took a leap of faith
[12/16/2011 17:37:33 GMT] smellaykelly hugged a creeper
[12/16/2011 17:38:26 GMT] smellaykelly was killed by an angry Skeleton
[12/16/2011 17:39:17 GMT] smellaykelly took a leap of faith
[12/17/2011 02:39:01 GMT] proatwork hugged a creeper
[12/17/2011 10:53:06 GMT] IProHead was creeper bombed
[12/17/2011 11:28:54 GMT] akextra hugged a creeper
[12/17/2011 12:30:43 GMT] akextra fell to their death
[12/17/2011 17:00:22 GMT] Banterlope was killed by an angry Spider
[12/17/2011 17:02:14 GMT] RichtheNinja decided to end it all.
[12/17/2011 17:05:13 GMT] Minecrafter_101 took a leap of faith
[12/17/2011 17:05:28 GMT] RichtheNinja fell to their death
[12/17/2011 17:12:41 GMT] RichtheNinja took a leap of faith
[12/17/2011 17:13:35 GMT] RichtheNinja was killed by an angry Zombie
[12/17/2011 17:21:25 GMT] RichtheNinja took a leap of faith
[12/17/2011 17:27:42 GMT] Minecrafter_101 committed suicide.
[12/17/2011 17:27:58 GMT] RichtheNinja killed Banterlope wielding stone sword
[12/17/2011 17:28:48 GMT] SkyBluesCCFC hugged a creeper
[12/17/2011 17:32:38 GMT] Minecrafter_101 fell to their death
[12/17/2011 17:35:05 GMT] Banterlope was creeper bombed
[12/17/2011 17:35:54 GMT] Minecrafter_101 fell to their death
[12/17/2011 17:36:27 GMT] RichtheNinja took a leap of faith
[12/17/2011 17:37:02 GMT] Minecrafter_101 fell to their death
[12/17/2011 17:47:16 GMT] Minecrafter_101 fell to their death
[12/17/2011 17:51:41 GMT] Banterlope hugged a creeper
[12/17/2011 17:56:50 GMT] Banterlope fell to their death
[12/17/2011 18:15:03 GMT] Minecrafter_101 hugged a creeper
[12/17/2011 18:18:30 GMT] RichtheNinja took a leap of faith
[12/17/2011 18:21:16 GMT] Banterlope was creeper bombed
[12/17/2011 18:35:50 GMT] Minecrafter_101 took a leap of faith
[12/17/2011 18:42:16 GMT] Minecrafter_101 was killed by an angry Zombie
[12/17/2011 18:47:59 GMT] Minecrafter_101 hugged a creeper
[12/17/2011 19:11:31 GMT] IProHead took a leap of faith
[12/17/2011 19:14:59 GMT] Minecrafter_101 took a leap of faith
[12/18/2011 09:01:41 GMT] RichtheNinja was killed by an angry Skeleton
[12/18/2011 09:03:18 GMT] RichtheNinja was killed by an angry Enderman
[12/18/2011 09:16:48 GMT] RichtheNinja was killed by an angry Zombie
[12/18/2011 10:23:15 GMT] IProHead was creeper bombed
[12/18/2011 10:34:50 GMT] IProHead took a leap of faith
[12/18/2011 14:57:27 GMT] Minecrafter_101 was creeper bombed
[12/18/2011 15:08:52 GMT] Minecrafter_101 hugged a creeper
[12/18/2011 15:14:41 GMT] Minecrafter_101 burned to death
[12/18/2011 15:54:02 GMT] Minecrafter_101 burned to death
[12/18/2011 16:42:17 GMT] Minecrafter_101 fell to their death
[12/18/2011 17:05:12 GMT] katotoro was killed by an angry Spider
[12/18/2011 17:35:10 GMT] zomboy3 apparently has an explosive personality
[12/18/2011 17:36:40 GMT] zomboy3 exploded
[12/18/2011 17:44:17 GMT] Minecrafter_101 fell to their death
[12/18/2011 17:53:25 GMT] Minecrafter_101 took a leap of faith
[12/18/2011 18:02:50 GMT] Hobby203 decided to end it all.
[12/18/2011 18:03:37 GMT] Minecrafter_101 was killed by an angry Zombie
[12/18/2011 18:30:16 GMT] Minecrafter_101 took a leap of faith
[12/19/2011 16:45:30 GMT] mgp_kid was killed by an angry Zombie
[12/19/2011 17:33:10 GMT] mgp_kid was killed by an angry Spider
[12/19/2011 18:02:36 GMT] th3ant fell to their death
[12/19/2011 18:44:33 GMT] IProHead killed mgp_kid wielding stone sword
[12/19/2011 19:11:49 GMT] smellaykelly hugged a creeper
[12/19/2011 19:21:10 GMT] mgp_kid fell to their death
[12/19/2011 19:43:23 GMT] sarvermason was killed by an angry Zombie
[12/19/2011 20:16:52 GMT] sarvermason fell to their death
[12/19/2011 20:17:44 GMT] sarvermason apparently has an explosive personality
[12/19/2011 20:29:03 GMT] sarvermason fell to their death
[12/19/2011 20:36:34 GMT] sarvermason hugged a creeper
[12/19/2011 20:40:01 GMT] sarvermason was killed by an angry Spider
[12/19/2011 20:41:09 GMT] sarvermason was killed by an angry Skeleton
[12/19/2011 21:29:03 GMT] IProHead fell to their death
[12/19/2011 21:59:24 GMT] zomboy3 was killed by an angry Zombie
[12/20/2011 09:04:08 GMT] IProHead took a leap of faith
[12/20/2011 17:54:22 GMT] IProHead hugged a creeper
[12/20/2011 19:13:31 GMT] IProHead suffocated
[12/20/2011 19:52:54 GMT] IProHead was killed by an angry PigZombie
[12/20/2011 19:55:18 GMT] IProHead was creeper bombed
[12/20/2011 19:57:21 GMT] sarvermason was killed by an angry Zombie
[12/20/2011 20:31:48 GMT] zomboy3 hugged a creeper
[12/20/2011 20:37:30 GMT] aambss took a leap of faith
[12/20/2011 22:43:00 GMT] DarkLord13 was killed by an angry Zombie
[12/20/2011 22:48:41 GMT] DarkLord13 was creeper bombed
[12/20/2011 22:49:05 GMT] DarkLord13 hugged a creeper
[12/21/2011 14:58:29 GMT] akextra fell to their death
[12/21/2011 17:41:54 GMT] Deeox2 took a leap of faith
[12/21/2011 17:43:01 GMT] snip3Zx94 was creeper bombed
[12/21/2011 22:08:07 GMT] Hobby203 decided to end it all.
[12/22/2011 00:01:34 GMT] Trueblue62 fell into the Void
[12/22/2011 00:02:00 GMT] hampster900 fell into the Void
[12/22/2011 00:05:43 GMT] Trueblue62 fell into the Void
[12/22/2011 00:15:43 GMT] Trueblue62 killed sarvermason wielding bow & arrow
[12/22/2011 00:17:31 GMT] Trueblue62 took a leap of faith
[12/22/2011 10:32:13 GMT] RichtheNinja fell to their death
[12/22/2011 10:41:25 GMT] RichtheNinja was killed by an angry Spider
[12/22/2011 11:21:28 GMT] Hobby203 became obsidian
[12/22/2011 13:07:06 GMT] Minecrafter_101 burned to death
[12/22/2011 13:59:49 GMT] DarkLord13 was killed by an angry Skeleton
[12/22/2011 14:01:01 GMT] DarkLord13 was killed by an angry Skeleton
[12/22/2011 15:19:35 GMT] Abrahamarmite killed Hobby203 wielding arrow
[12/22/2011 15:19:43 GMT] Abrahamarmite killed Omnomnoms wielding arrow
[12/22/2011 15:20:50 GMT] IProHead fell to their death
[12/22/2011 15:23:29 GMT] Hobby203 killed th3ant wielding diamond sword
[12/22/2011 15:29:22 GMT] IProHead was killed by an angry PigZombie
[12/22/2011 15:34:28 GMT] Omnomnoms burned to death
[12/22/2011 15:34:45 GMT] Omnomnoms was killed by an angry Slime
[12/22/2011 16:25:06 GMT] Omnomnoms took a long walk off a short pier
[12/22/2011 16:28:48 GMT] Trueblue62 fell into the Void
[12/22/2011 16:49:32 GMT] smellaykelly killed IProHead wielding iron sword
[12/22/2011 16:51:35 GMT] Trueblue62 killed IProHead wielding bow & arrow
[12/22/2011 16:52:00 GMT] Trueblue62 killed IProHead wielding bow & arrow
[12/22/2011 16:53:41 GMT] IProHead took a leap of faith
[12/22/2011 16:58:33 GMT] IProHead was creeper bombed
[12/22/2011 17:01:52 GMT] IProHead was killed by an angry Zombie
[12/22/2011 17:18:29 GMT] matt1217 took a long walk off a short pier
[12/22/2011 17:24:31 GMT] smellaykelly fell to their death
[12/22/2011 17:38:23 GMT] sarvermason was killed by an angry Enderman
[12/22/2011 17:42:13 GMT] sarvermason was creeper bombed
[12/22/2011 17:43:41 GMT] Omnomnoms killed smellaykelly wielding Potion 
[12/22/2011 17:45:19 GMT] Trueblue62 took a leap of faith
[12/22/2011 17:46:19 GMT] Omnomnoms killed Trueblue62 wielding Potion 
[12/22/2011 17:54:50 GMT] Omnomnoms killed Abrahamarmite wielding Potion 
[12/22/2011 18:02:32 GMT] snip3Zx94 fell to their death
[12/22/2011 18:10:03 GMT] Abrahamarmite killed Omnomnoms wielding Speckled Melon 
[12/22/2011 18:29:37 GMT] Trueblue62 drowned
[12/22/2011 19:01:41 GMT] sarvermason was killed by an angry Zombie
[12/22/2011 19:19:13 GMT] mgp_kid suffocated
[12/22/2011 19:34:08 GMT] hampster900 fell into the Void
[12/22/2011 20:12:43 GMT] IProHead took a leap of faith
[12/22/2011 20:39:03 GMT] IProHead fell to their death
[12/22/2011 21:07:44 GMT] mgp_kid fell to their death
[12/22/2011 21:33:48 GMT] mgp_kid took a leap of faith
[12/22/2011 21:34:53 GMT] mgp_kid exploded
[12/22/2011 21:35:20 GMT] mgp_kid fell to their death
[12/22/2011 21:40:05 GMT] mgp_kid took a leap of faith
[12/22/2011 21:40:22 GMT] mgp_kid fell to their death
[12/22/2011 21:40:40 GMT] mgp_kid fell to their death
[12/22/2011 21:41:53 GMT] mgp_kid fell to their death
[12/22/2011 21:46:19 GMT] mgp_kid took a leap of faith
[12/22/2011 22:11:54 GMT] snip3Zx94 fell to their death
[12/22/2011 22:42:45 GMT] Scotty8D was creeper bombed
[12/22/2011 22:48:03 GMT] smellaykelly killed hampster900 wielding gold sword
[12/22/2011 23:12:48 GMT] Omnomnoms took a bath in a lake of fire
[12/23/2011 07:49:47 GMT] mgp_kid was killed by an angry Spider
[12/23/2011 09:08:51 GMT] IProHead fell to their death
[12/23/2011 11:05:46 GMT] DarkLord13 was killed by an angry Zombie
[12/23/2011 11:10:46 GMT] DarkLord13 hugged a creeper
[12/23/2011 11:27:46 GMT] DarkLord13 hugged a creeper
[12/23/2011 13:50:10 GMT] DarkLord13 fell into the Void
[12/23/2011 14:58:12 GMT] IProHead was killed by an angry Zombie
[12/23/2011 16:45:14 GMT] smellaykelly hugged a creeper
[12/23/2011 16:58:14 GMT] Omnomnoms fell to their death
[12/23/2011 17:30:22 GMT] snip3Zx94 was killed by an angry Zombie
[12/23/2011 17:36:39 GMT] Abrahamarmite took a leap of faith
[12/23/2011 17:37:51 GMT] Omnomnoms fell to their death
[12/23/2011 17:39:46 GMT] Abrahamarmite fell to their death
[12/23/2011 17:40:43 GMT] Abrahamarmite fell to their death
[12/23/2011 17:41:37 GMT] Abrahamarmite fell to their death
[12/23/2011 18:05:39 GMT] Omnomnoms took a leap of faith
[12/23/2011 18:08:37 GMT] Omnomnoms fell to their death
[12/23/2011 18:11:25 GMT] Omnomnoms took a leap of faith
[12/23/2011 18:20:05 GMT] Omnomnoms took a leap of faith
[12/23/2011 18:21:22 GMT] Omnomnoms took a leap of faith
[12/23/2011 18:30:45 GMT] snip3Zx94 was creeper bombed
[12/23/2011 18:44:59 GMT] hampster900 was killed by lava
[12/23/2011 18:45:13 GMT] Abrahamarmite took a leap of faith
[12/23/2011 18:46:55 GMT] Abrahamarmite became obsidian
[12/23/2011 18:48:39 GMT] hampster900 took a leap of faith
[12/23/2011 18:48:44 GMT] Omnomnoms fell to their death
[12/23/2011 18:48:44 GMT] Abrahamarmite took a leap of faith
[12/23/2011 18:48:49 GMT] Abrahamarmite fell to their death
[12/23/2011 18:49:23 GMT] Omnomnoms drowned
[12/23/2011 18:51:14 GMT] Omnomnoms became obsidian
[12/23/2011 18:51:55 GMT] Abrahamarmite fell to their death
[12/23/2011 18:52:58 GMT] Abrahamarmite drowned
[12/23/2011 18:54:13 GMT] Abrahamarmite took a leap of faith
[12/23/2011 18:54:40 GMT] Abrahamarmite fell to their death
[12/23/2011 18:55:17 GMT] Abrahamarmite became obsidian
[12/23/2011 18:55:30 GMT] Abrahamarmite became obsidian
[12/23/2011 18:55:46 GMT] Abrahamarmite was killed by lava
[12/23/2011 18:56:16 GMT] Abrahamarmite is swimming with the fishes
[12/23/2011 18:59:09 GMT] Abrahamarmite killed Omnomnoms wielding fists
[12/23/2011 19:00:52 GMT] Omnomnoms is swimming with the fishes
[12/23/2011 19:02:28 GMT] Abrahamarmite fell to their death
[12/23/2011 19:05:28 GMT] Abrahamarmite was killed by lava
[12/23/2011 19:12:27 GMT] Abrahamarmite fell into the Void
[12/23/2011 19:18:06 GMT] snip3Zx94 took a leap of faith
[12/23/2011 19:20:31 GMT] hampster900 fell to their death
[12/23/2011 19:23:54 GMT] Abrahamarmite fell into the Void
[12/23/2011 22:11:19 GMT] snip3Zx94 took a bath in a lake of fire
[12/24/2011 01:26:26 GMT] sarvermason fell to their death
[12/24/2011 12:43:14 GMT] mgp_kid was killed by an angry Spider
[12/24/2011 16:42:14 GMT] IProHead fell to their death
[12/24/2011 16:59:32 GMT] IProHead took a leap of faith
[12/24/2011 17:01:26 GMT] IProHead was creeper bombed
[12/24/2011 17:02:18 GMT] IProHead hugged a creeper
[12/24/2011 20:54:29 GMT] sarvermason killed camrocks17 wielding diamond sword
[12/24/2011 20:55:55 GMT] sarvermason killed camrocks17 wielding diamond sword
[12/24/2011 21:00:29 GMT] camrocks17 decided to end it all.
[12/24/2011 21:00:53 GMT] sarvermason killed camrocks17 wielding diamond sword
[12/24/2011 21:01:41 GMT] th3ant killed sarvermason wielding diamond sword
[12/24/2011 21:02:53 GMT] sarvermason was killed by an angry Spider
[12/24/2011 21:03:14 GMT] camrocks17 fell to their death
[12/24/2011 21:03:47 GMT] th3ant killed sarvermason wielding diamond sword
[12/24/2011 21:31:30 GMT] sarvermason fell to their death
[12/24/2011 21:46:57 GMT] akextra fell to their death
[12/24/2011 21:56:04 GMT] akextra fell to their death
[12/24/2011 22:08:34 GMT] akextra fell to their death
[12/24/2011 22:11:01 GMT] akextra took a leap of faith
[12/24/2011 22:16:20 GMT] sarvermason killed akextra wielding diamond sword
[12/24/2011 22:16:31 GMT] sarvermason was killed by an angry Slime
[12/24/2011 22:17:46 GMT] akextra killed sarvermason wielding diamond sword
[12/24/2011 22:18:09 GMT] akextra killed sarvermason wielding diamond sword
[12/24/2011 22:21:18 GMT] sarvermason killed akextra wielding diamond sword
[12/24/2011 22:21:54 GMT] akextra killed sarvermason wielding iron sword
[12/24/2011 22:29:03 GMT] akextra burned to death
[12/25/2011 00:48:17 GMT] smellaykelly was killed by an angry Zombie
[12/25/2011 02:57:54 GMT] snip3Zx94 fell to their death
[12/25/2011 02:58:16 GMT] snip3Zx94 took a leap of faith
[12/25/2011 02:59:45 GMT] snip3Zx94 was creeper bombed
[12/25/2011 03:01:13 GMT] snip3Zx94 fell to their death
[12/25/2011 03:03:09 GMT] snip3Zx94 fell to their death
[12/25/2011 03:09:02 GMT] snip3Zx94 took a leap of faith
[12/25/2011 03:13:46 GMT] snip3Zx94 fell to their death
[12/25/2011 03:18:14 GMT] snip3Zx94 fell to their death
[12/25/2011 03:19:46 GMT] snip3Zx94 took a leap of faith
[12/25/2011 03:21:59 GMT] snip3Zx94 took a leap of faith
[12/25/2011 03:24:06 GMT] snip3Zx94 took a leap of faith
[12/25/2011 03:39:36 GMT] snip3Zx94 took a leap of faith
[12/25/2011 03:41:08 GMT] snip3Zx94 took a leap of faith
[12/25/2011 03:51:13 GMT] snip3Zx94 took a leap of faith
[12/25/2011 04:00:50 GMT] snip3Zx94 took a leap of faith
[12/25/2011 04:06:46 GMT] snip3Zx94 fell to their death
[12/25/2011 16:47:12 GMT] smellaykelly hugged a creeper
[12/25/2011 16:52:07 GMT] Omnomnoms took a bath in a lake of fire
[12/25/2011 16:52:13 GMT] Abrahamarmite took a bath in a lake of fire
[12/25/2011 17:00:42 GMT] Abrahamarmite took a leap of faith
[12/25/2011 17:02:46 GMT] smellaykelly was killed by an angry Spider
[12/25/2011 17:34:24 GMT] Omnomnoms was killed by an angry Spider
[12/25/2011 17:35:07 GMT] Omnomnoms drowned
[12/25/2011 17:37:46 GMT] Abrahamarmite was creeper bombed
[12/25/2011 17:46:19 GMT] Omnomnoms became obsidian
[12/25/2011 19:33:12 GMT] aambss was killed by an angry Enderman
[12/25/2011 19:33:58 GMT] aambss was killed by an angry Enderman
[12/25/2011 21:29:18 GMT] Hobby203 fell into the Void
[12/25/2011 21:51:34 GMT] the_magic was killed by an angry Spider
[12/25/2011 23:30:44 GMT] smellaykelly was creeper bombed
[12/25/2011 23:31:08 GMT] smellaykelly was creeper bombed
[12/26/2011 08:20:45 GMT] mgp_kid took a leap of faith
[12/26/2011 09:20:20 GMT] mgp_kid decided to end it all.
[12/26/2011 13:00:38 GMT] DarkLord13 fell into the Void
[12/26/2011 13:00:52 GMT] DarkLord13 fell into the Void
[12/26/2011 13:18:29 GMT] the_magic was killed by an angry PigZombie
[12/26/2011 17:57:14 GMT] th3ant took a leap of faith
[12/26/2011 19:43:15 GMT] smellaykelly killed aambss wielding gold sword
[12/26/2011 20:04:27 GMT] aambss took a leap of faith
[12/26/2011 20:10:18 GMT] aambss was killed by an angry Wolf
[12/26/2011 20:34:10 GMT] aambss was killed by an angry Wolf
[12/26/2011 20:36:34 GMT] aambss was killed by an angry Wolf
[12/26/2011 21:04:57 GMT] sarvermason took a leap of faith
[12/26/2011 22:12:46 GMT] aambss was killed by an angry Wolf
[12/26/2011 22:12:58 GMT] aambss was killed by an angry Wolf
[12/26/2011 22:20:31 GMT] aambss was killed by an angry Wolf
[12/26/2011 22:21:45 GMT] aambss killed smellaykelly wielding iron axe
[12/26/2011 22:22:02 GMT] aambss killed smellaykelly wielding iron axe
[12/26/2011 22:22:36 GMT] smellaykelly killed aambss wielding iron sword
[12/26/2011 22:23:03 GMT] aambss killed smellaykelly wielding bow & arrow
[12/26/2011 22:50:10 GMT] aambss took a leap of faith
[12/26/2011 23:00:32 GMT] aambss was killed by an angry Wolf
[12/26/2011 23:00:55 GMT] aambss was killed by an angry Wolf
[12/27/2011 11:50:09 GMT] mgp_kid took a leap of faith
[12/27/2011 17:19:02 GMT] Omnomnoms fell into the Void
[12/27/2011 18:48:41 GMT] smellaykelly took a leap of faith
[12/27/2011 19:18:24 GMT] smellaykelly was creeper bombed
[12/27/2011 19:20:07 GMT] smellaykelly was killed by an angry Skeleton
[12/27/2011 19:21:56 GMT] smellaykelly was killed by an angry Zombie
[12/27/2011 19:23:59 GMT] smellaykelly was killed by an angry Zombie
[12/27/2011 19:24:50 GMT] smellaykelly was killed by an angry Skeleton
[12/27/2011 20:21:04 GMT] smellaykelly was creeper bombed
[12/27/2011 21:06:17 GMT] IProHead took a leap of faith
[12/27/2011 21:07:08 GMT] IProHead was killed by an angry Zombie
[12/27/2011 21:11:00 GMT] aambss killed smellaykelly wielding iron sword
[12/27/2011 21:14:17 GMT] aambss killed smellaykelly wielding iron sword
[12/27/2011 21:23:54 GMT] Hobby203 decided to end it all.
[12/27/2011 21:26:33 GMT] smellaykelly was killed by an angry Zombie
[12/27/2011 21:33:27 GMT] aambss killed smellaykelly wielding iron sword
[12/27/2011 22:58:18 GMT] smellaykelly fell to their death
[12/27/2011 22:59:47 GMT] smellaykelly took a leap of faith
[12/28/2011 00:16:39 GMT] Trueblue62 fell into the Void
[12/28/2011 00:54:49 GMT] smellaykelly fell to their death
[12/28/2011 00:58:45 GMT] aambss took a leap of faith
[12/28/2011 02:33:21 GMT] aambss fell to their death
[12/28/2011 02:39:09 GMT] aambss took a leap of faith
[12/28/2011 15:18:33 GMT] DarkLord13 fell to their death
[12/28/2011 15:18:58 GMT] Hobby203 killed DarkLord13 wielding bow & arrow
[12/28/2011 15:24:21 GMT] DarkLord13 was killed by an angry PigZombie
[12/28/2011 15:25:49 GMT] DarkLord13 was killed by an angry PigZombie
[12/28/2011 15:54:54 GMT] DarkLord13 took a leap of faith
[12/28/2011 16:55:36 GMT] smellaykelly killed IProHead wielding diamond sword
[12/28/2011 16:58:36 GMT] smellaykelly killed IProHead wielding diamond sword
[12/28/2011 16:58:47 GMT] smellaykelly killed IProHead wielding diamond sword
[12/28/2011 16:58:52 GMT] smellaykelly killed IProHead wielding diamond sword
[12/28/2011 16:58:57 GMT] smellaykelly killed IProHead wielding diamond sword
[12/28/2011 16:59:00 GMT] smellaykelly killed IProHead wielding diamond sword
[12/28/2011 16:59:08 GMT] smellaykelly killed IProHead wielding diamond sword
[12/28/2011 16:59:14 GMT] IProHead killed smellaykelly wielding fists
[12/28/2011 17:00:36 GMT] IProHead fell to their death
[12/28/2011 17:00:59 GMT] DarkLord13 fell to their death
[12/28/2011 17:03:56 GMT] DarkLord13 took a leap of faith
[12/28/2011 17:28:28 GMT] smellaykelly drowned
[12/28/2011 17:29:16 GMT] smellaykelly drowned
[12/28/2011 17:41:16 GMT] IProHead took a leap of faith
[12/28/2011 17:42:49 GMT] IProHead took a leap of faith
[12/28/2011 17:43:12 GMT] smellaykelly killed IProHead wielding diamond sword
[12/28/2011 17:43:26 GMT] smellaykelly killed IProHead wielding diamond sword
[12/28/2011 17:46:04 GMT] smellaykelly burned to death
[12/28/2011 18:01:04 GMT] smellaykelly drowned
[12/28/2011 18:11:28 GMT] smellaykelly fell into the Void
[12/28/2011 18:17:10 GMT] smellaykelly was killed by an angry Silverfish
[12/28/2011 19:15:03 GMT] hampster900 committed suicide.
[12/28/2011 19:15:56 GMT] hampster900 was killed by lava
[12/28/2011 19:25:49 GMT] aambss killed smellaykelly wielding diamond sword
[12/28/2011 21:16:28 GMT] IProHead took a leap of faith
[12/28/2011 21:17:17 GMT] IProHead hugged a creeper
[12/29/2011 01:42:55 GMT] smellaykelly hugged a creeper
